{"/home/bobbitt/projects/personal/forge2/web_app/src/App.tsx": {"path":"/home/bobbitt/projects/personal/forge2/web_app/src/App.tsx","statementMap":{"0":{"start":{"line":1,"column":0},"end":{"line":1,"column":34}},"1":{"start":{"line":2,"column":0},"end":{"line":2,"column":84}},"2":{"start":{"line":3,"column":0},"end":{"line":3,"column":19}},"3":{"start":{"line":4,"column":0},"end":{"line":4,"column":57}},"4":{"start":{"line":5,"column":0},"end":{"line":5,"column":49}},"5":{"start":{"line":6,"column":0},"end":{"line":6,"column":65}},"6":{"start":{"line":7,"column":0},"end":{"line":7,"column":63}},"7":{"start":{"line":8,"column":0},"end":{"line":8,"column":44}},"8":{"start":{"line":9,"column":0},"end":{"line":9,"column":42}},"9":{"start":{"line":10,"column":0},"end":{"line":10,"column":40}},"10":{"start":{"line":11,"column":0},"end":{"line":11,"column":42}},"11":{"start":{"line":12,"column":0},"end":{"line":12,"column":50}},"12":{"start":{"line":13,"column":0},"end":{"line":13,"column":38}},"13":{"start":{"line":14,"column":0},"end":{"line":14,"column":38}},"14":{"start":{"line":15,"column":0},"end":{"line":15,"column":34}},"15":{"start":{"line":16,"column":0},"end":{"line":16,"column":49}},"16":{"start":{"line":17,"column":0},"end":{"line":17,"column":55}},"17":{"start":{"line":20,"column":33},"end":{"line":20,"column":84}},"18":{"start":{"line":20,"column":55},"end":{"line":20,"column":83}},"19":{"start":{"line":21,"column":19},"end":{"line":21,"column":56}},"20":{"start":{"line":21,"column":41},"end":{"line":21,"column":55}},"21":{"start":{"line":22,"column":20},"end":{"line":22,"column":58}},"22":{"start":{"line":22,"column":42},"end":{"line":22,"column":57}},"23":{"start":{"line":23,"column":16},"end":{"line":23,"column":50}},"24":{"start":{"line":23,"column":38},"end":{"line":23,"column":49}},"25":{"start":{"line":26,"column":2},"end":{"line":32,"column":41}},"26":{"start":{"line":27,"column":4},"end":{"line":31,"column":5}},"27":{"start":{"line":28,"column":6},"end":{"line":30,"column":9}},"28":{"start":{"line":29,"column":8},"end":{"line":29,"column":66}},"29":{"start":{"line":34,"column":2},"end":{"line":111,"column":4}},"30":{"start":{"line":114,"column":0},"end":{"line":114,"column":19}}},"fnMap":{"0":{"name":"App","decl":{"start":{"line":19,"column":9},"end":{"line":19,"column":12}},"loc":{"start":{"line":19,"column":12},"end":{"line":112,"column":1}}},"1":{"name":"(anonymous_2)","decl":{"start":{"line":20,"column":46},"end":{"line":20,"column":51}},"loc":{"start":{"line":20,"column":55},"end":{"line":20,"column":83}}},"2":{"name":"(anonymous_3)","decl":{"start":{"line":21,"column":32},"end":{"line":21,"column":37}},"loc":{"start":{"line":21,"column":41},"end":{"line":21,"column":55}}},"3":{"name":"(anonymous_4)","decl":{"start":{"line":22,"column":33},"end":{"line":22,"column":38}},"loc":{"start":{"line":22,"column":42},"end":{"line":22,"column":57}}},"4":{"name":"(anonymous_5)","decl":{"start":{"line":23,"column":29},"end":{"line":23,"column":34}},"loc":{"start":{"line":23,"column":38},"end":{"line":23,"column":49}}},"5":{"name":"(anonymous_6)","decl":{"start":{"line":26,"column":12},"end":{"line":26,"column":15}},"loc":{"start":{"line":26,"column":17},"end":{"line":32,"column":3}}},"6":{"name":"(anonymous_7)","decl":{"start":{"line":28,"column":37},"end":{"line":28,"column":40}},"loc":{"start":{"line":28,"column":43},"end":{"line":30,"column":7}}}},"branchMap":{"0":{"loc":{"start":{"line":27,"column":4},"end":{"line":31,"column":5}},"type":"if","locations":[{"start":{"line":27,"column":4},"end":{"line":31,"column":5}}]},"1":{"loc":{"start":{"line":39,"column":13},"end":{"line":42,"column":null}},"type":"binary-expr","locations":[{"start":{"line":39,"column":13},"end":{"line":39,"column":18}},{"start":{"line":40,"column":14},"end":{"line":41,"column":null}}]},"2":{"loc":{"start":{"line":45,"column":13},"end":{"line":51,"column":null}},"type":"binary-expr","locations":[{"start":{"line":45,"column":13},"end":{"line":45,"column":22}},{"start":{"line":45,"column":26},"end":{"line":45,"column":35}},{"start":{"line":46,"column":14},"end":{"line":50,"column":null}}]}},"s":{"0":0,"1":0,"2":0,"3":0,"4":0,"5":0,"6":0,"7":0,"8":0,"9":0,"10":0,"11":0,"12":0,"13":0,"14":0,"15":0,"16":0,"17":0,"18":0,"19":0,"20":0,"21":0,"22":0,"23":0,"24":0,"25":0,"26":0,"27":0,"28":0,"29":0,"30":0},"f":{"0":0,"1":0,"2":0,"3":0,"4":0,"5":0,"6":0},"b":{"0":[0],"1":[0,0],"2":[0,0,0]}}
,"/home/bobbitt/projects/personal/forge2/web_app/src/components/AppLayout.tsx": {"path":"/home/bobbitt/projects/personal/forge2/web_app/src/components/AppLayout.tsx","statementMap":{"0":{"start":{"line":19,"column":0},"end":{"line":19,"column":24}},"1":{"start":{"line":1,"column":0},"end":{"line":1,"column":44}},"2":{"start":{"line":2,"column":0},"end":{"line":2,"column":68}},"3":{"start":{"line":3,"column":0},"end":{"line":3,"column":34}},"4":{"start":{"line":4,"column":0},"end":{"line":4,"column":37}},"5":{"start":{"line":5,"column":0},"end":{"line":5,"column":63}},"6":{"start":{"line":6,"column":0},"end":{"line":6,"column":37}},"7":{"start":{"line":7,"column":0},"end":{"line":7,"column":47}},"8":{"start":{"line":10,"column":0},"end":{"line":10,"column":null}},"9":{"start":{"line":20,"column":32},"end":{"line":20,"column":42}},"10":{"start":{"line":21,"column":21},"end":{"line":21,"column":34}},"11":{"start":{"line":22,"column":21},"end":{"line":22,"column":34}},"12":{"start":{"line":23,"column":36},"end":{"line":23,"column":69}},"13":{"start":{"line":24,"column":48},"end":{"line":24,"column":63}},"14":{"start":{"line":26,"column":4},"end":{"line":33,"column":11}},"15":{"start":{"line":27,"column":29},"end":{"line":29,"column":9}},"16":{"start":{"line":28,"column":12},"end":{"line":28,"column":49}},"17":{"start":{"line":31,"column":8},"end":{"line":31,"column":56}},"18":{"start":{"line":32,"column":8},"end":{"line":32,"column":72}},"19":{"start":{"line":32,"column":21},"end":{"line":32,"column":71}},"20":{"start":{"line":35,"column":24},"end":{"line":37,"column":5}},"21":{"start":{"line":36,"column":8},"end":{"line":36,"column":55}},"22":{"start":{"line":39,"column":23},"end":{"line":42,"column":5}},"23":{"start":{"line":40,"column":8},"end":{"line":40,"column":23}},"24":{"start":{"line":41,"column":8},"end":{"line":41,"column":33}},"25":{"start":{"line":44,"column":21},"end":{"line":48,"column":6}},"26":{"start":{"line":51,"column":8},"end":{"line":94,"column":null}},"27":{"start":{"line":59,"column":24},"end":{"line":59,"column":null}},"28":{"start":{"line":66,"column":47},"end":{"line":66,"column":68}},"29":{"start":{"line":98,"column":4},"end":{"line":157,"column":6}},"30":{"start":{"line":126,"column":61},"end":{"line":126,"column":84}}},"fnMap":{"0":{"name":"AppLayout","decl":{"start":{"line":19,"column":24},"end":{"line":19,"column":33}},"loc":{"start":{"line":19,"column":33},"end":{"line":158,"column":1}}},"1":{"name":"(anonymous_1)","decl":{"start":{"line":26,"column":14},"end":{"line":26,"column":17}},"loc":{"start":{"line":26,"column":19},"end":{"line":33,"column":5}}},"2":{"name":"(anonymous_2)","decl":{"start":{"line":27,"column":29},"end":{"line":27,"column":32}},"loc":{"start":{"line":27,"column":34},"end":{"line":29,"column":9}}},"3":{"name":"(anonymous_3)","decl":{"start":{"line":32,"column":15},"end":{"line":32,"column":18}},"loc":{"start":{"line":32,"column":21},"end":{"line":32,"column":71}}},"4":{"name":"(anonymous_4)","decl":{"start":{"line":35,"column":24},"end":{"line":35,"column":27}},"loc":{"start":{"line":35,"column":29},"end":{"line":37,"column":5}}},"5":{"name":"(anonymous_5)","decl":{"start":{"line":39,"column":23},"end":{"line":39,"column":24}},"loc":{"start":{"line":39,"column":40},"end":{"line":42,"column":5}}},"6":{"name":"(anonymous_6)","decl":{"start":{"line":58,"column":34},"end":{"line":58,"column":35}},"loc":{"start":{"line":59,"column":24},"end":{"line":59,"column":null}}},"7":{"name":"(anonymous_7)","decl":{"start":{"line":66,"column":41},"end":{"line":66,"column":44}},"loc":{"start":{"line":66,"column":47},"end":{"line":66,"column":68}}},"8":{"name":"(anonymous_8)","decl":{"start":{"line":126,"column":55},"end":{"line":126,"column":58}},"loc":{"start":{"line":126,"column":61},"end":{"line":126,"column":84}}}},"branchMap":{"0":{"loc":{"start":{"line":36,"column":17},"end":{"line":36,"column":53}},"type":"cond-expr","locations":[{"start":{"line":36,"column":37},"end":{"line":36,"column":43}},{"start":{"line":36,"column":46},"end":{"line":36,"column":53}}]},"1":{"loc":{"start":{"line":64,"column":36},"end":{"line":64,"column":94}},"type":"binary-expr","locations":[{"start":{"line":64,"column":36},"end":{"line":64,"column":67}},{"start":{"line":64,"column":71},"end":{"line":64,"column":94}}]},"2":{"loc":{"start":{"line":86,"column":29},"end":{"line":86,"column":74}},"type":"cond-expr","locations":[{"start":{"line":86,"column":48},"end":{"line":86,"column":59}},{"start":{"line":86,"column":62},"end":{"line":86,"column":74}}]},"3":{"loc":{"start":{"line":89,"column":21},"end":{"line":91,"column":66}},"type":"cond-expr","locations":[{"start":{"line":90,"column":24},"end":{"line":90,"column":68}},{"start":{"line":91,"column":24},"end":{"line":91,"column":66}}]},"4":{"loc":{"start":{"line":101,"column":13},"end":{"line":109,"column":null}},"type":"binary-expr","locations":[{"start":{"line":101,"column":13},"end":{"line":101,"column":22}},{"start":{"line":102,"column":16},"end":{"line":108,"column":null}}]},"5":{"loc":{"start":{"line":113,"column":13},"end":{"line":118,"column":null}},"type":"binary-expr","locations":[{"start":{"line":113,"column":13},"end":{"line":113,"column":21}},{"start":{"line":114,"column":16},"end":{"line":117,"column":null}}]},"6":{"loc":{"start":{"line":125,"column":21},"end":{"line":131,"column":null}},"type":"binary-expr","locations":[{"start":{"line":125,"column":21},"end":{"line":125,"column":29}},{"start":{"line":126,"column":24},"end":{"line":130,"column":null}}]},"7":{"loc":{"start":{"line":141,"column":29},"end":{"line":143,"column":76}},"type":"cond-expr","locations":[{"start":{"line":142,"column":32},"end":{"line":142,"column":74}},{"start":{"line":143,"column":32},"end":{"line":143,"column":76}}]}},"s":{"0":0,"1":0,"2":0,"3":0,"4":0,"5":0,"6":0,"7":0,"8":0,"9":0,"10":0,"11":0,"12":0,"13":0,"14":0,"15":0,"16":0,"17":0,"18":0,"19":0,"20":0,"21":0,"22":0,"23":0,"24":0,"25":0,"26":0,"27":0,"28":0,"29":0,"30":0},"f":{"0":0,"1":0,"2":0,"3":0,"4":0,"5":0,"6":0,"7":0,"8":0},"b":{"0":[0,0],"1":[0,0],"2":[0,0],"3":[0,0],"4":[0,0],"5":[0,0],"6":[0,0],"7":[0,0]}}
,"/home/bobbitt/projects/personal/forge2/web_app/src/components/ArrayItemConfig.tsx": {"path":"/home/bobbitt/projects/personal/forge2/web_app/src/components/ArrayItemConfig.tsx","statementMap":{"0":{"start":{"line":25,"column":0},"end":{"line":25,"column":16}},"1":{"start":{"line":1,"column":0},"end":{"line":1,"column":35}},"2":{"start":{"line":2,"column":0},"end":{"line":2,"column":null}},"3":{"start":{"line":9,"column":0},"end":{"line":9,"column":41}},"4":{"start":{"line":10,"column":0},"end":{"line":10,"column":44}},"5":{"start":{"line":23,"column":19},"end":{"line":23,"column":71}},"6":{"start":{"line":31,"column":26},"end":{"line":31,"column":56}},"7":{"start":{"line":32,"column":40},"end":{"line":32,"column":71}},"8":{"start":{"line":33,"column":42},"end":{"line":36,"column":null}},"9":{"start":{"line":39,"column":2},"end":{"line":55,"column":50}},"10":{"start":{"line":40,"column":21},"end":{"line":40,"column":30}},"11":{"start":{"line":42,"column":4},"end":{"line":48,"column":5}},"12":{"start":{"line":43,"column":6},"end":{"line":47,"column":7}},"13":{"start":{"line":44,"column":8},"end":{"line":44,"column":46}},"14":{"start":{"line":46,"column":8},"end":{"line":46,"column":24}},"15":{"start":{"line":50,"column":4},"end":{"line":54,"column":7}},"16":{"start":{"line":57,"column":2},"end":{"line":107,"column":4}},"17":{"start":{"line":70,"column":16},"end":{"line":70,"column":39}},"18":{"start":{"line":83,"column":29},"end":{"line":83,"column":59}},"19":{"start":{"line":96,"column":29},"end":{"line":96,"column":60}},"20":{"start":{"line":110,"column":0},"end":{"line":110,"column":31}}},"fnMap":{"0":{"name":"ArrayItemConfig","decl":{"start":{"line":25,"column":16},"end":{"line":25,"column":31}},"loc":{"start":{"line":30,"column":23},"end":{"line":108,"column":1}}},"1":{"name":"(anonymous_1)","decl":{"start":{"line":39,"column":12},"end":{"line":39,"column":15}},"loc":{"start":{"line":39,"column":17},"end":{"line":55,"column":3}}},"2":{"name":"(anonymous_2)","decl":{"start":{"line":69,"column":30},"end":{"line":69,"column":34}},"loc":{"start":{"line":70,"column":16},"end":{"line":70,"column":39}}},"3":{"name":"(anonymous_3)","decl":{"start":{"line":83,"column":22},"end":{"line":83,"column":23}},"loc":{"start":{"line":83,"column":29},"end":{"line":83,"column":59}}},"4":{"name":"(anonymous_4)","decl":{"start":{"line":96,"column":22},"end":{"line":96,"column":23}},"loc":{"start":{"line":96,"column":29},"end":{"line":96,"column":60}}}},"branchMap":{"0":{"loc":{"start":{"line":31,"column":35},"end":{"line":31,"column":55}},"type":"binary-expr","locations":[{"start":{"line":31,"column":35},"end":{"line":31,"column":43}},{"start":{"line":31,"column":47},"end":{"line":31,"column":55}}]},"1":{"loc":{"start":{"line":32,"column":49},"end":{"line":32,"column":70}},"type":"binary-expr","locations":[{"start":{"line":32,"column":49},"end":{"line":32,"column":64}},{"start":{"line":32,"column":68},"end":{"line":32,"column":70}}]},"2":{"loc":{"start":{"line":34,"column":4},"end":{"line":36,"column":12}},"type":"cond-expr","locations":[{"start":{"line":35,"column":8},"end":{"line":35,"column":47}},{"start":{"line":36,"column":8},"end":{"line":36,"column":12}}]},"3":{"loc":{"start":{"line":34,"column":4},"end":{"line":34,"column":39}},"type":"binary-expr","locations":[{"start":{"line":34,"column":4},"end":{"line":34,"column":18}},{"start":{"line":34,"column":22},"end":{"line":34,"column":39}}]},"4":{"loc":{"start":{"line":42,"column":4},"end":{"line":48,"column":5}},"type":"if","locations":[{"start":{"line":42,"column":4},"end":{"line":48,"column":5}}]},"5":{"loc":{"start":{"line":90,"column":7},"end":{"line":104,"column":null}},"type":"binary-expr","locations":[{"start":{"line":90,"column":7},"end":{"line":90,"column":24}},{"start":{"line":91,"column":8},"end":{"line":103,"column":null}}]}},"s":{"0":1,"1":1,"2":1,"3":1,"4":1,"5":1,"6":0,"7":0,"8":0,"9":0,"10":0,"11":0,"12":0,"13":0,"14":0,"15":0,"16":0,"17":0,"18":0,"19":0,"20":1},"f":{"0":0,"1":0,"2":0,"3":0,"4":0},"b":{"0":[0,0],"1":[0,0],"2":[0,0],"3":[0,0],"4":[0],"5":[0,0]}}
,"/home/bobbitt/projects/personal/forge2/web_app/src/components/Dashboard.tsx": {"path":"/home/bobbitt/projects/personal/forge2/web_app/src/components/Dashboard.tsx","statementMap":{"0":{"start":{"line":29,"column":0},"end":{"line":29,"column":24}},"1":{"start":{"line":1,"column":0},"end":{"line":1,"column":39}},"2":{"start":{"line":2,"column":0},"end":{"line":2,"column":75}},"3":{"start":{"line":3,"column":0},"end":{"line":3,"column":40}},"4":{"start":{"line":5,"column":19},"end":{"line":27,"column":2}},"5":{"start":{"line":30,"column":22},"end":{"line":38,"column":6}},"6":{"start":{"line":40,"column":17},"end":{"line":43,"column":6}},"7":{"start":{"line":45,"column":4},"end":{"line":128,"column":6}},"8":{"start":{"line":61,"column":20},"end":{"line":62,"column":null}}},"fnMap":{"0":{"name":"Dashboard","decl":{"start":{"line":29,"column":24},"end":{"line":29,"column":33}},"loc":{"start":{"line":29,"column":33},"end":{"line":129,"column":1}}},"1":{"name":"(anonymous_1)","decl":{"start":{"line":60,"column":32},"end":{"line":60,"column":33}},"loc":{"start":{"line":61,"column":20},"end":{"line":62,"column":null}}}},"branchMap":{},"s":{"0":0,"1":0,"2":0,"3":0,"4":0,"5":0,"6":0,"7":0,"8":0},"f":{"0":0,"1":0},"b":{}}
,"/home/bobbitt/projects/personal/forge2/web_app/src/components/ErrorBoundary.tsx": {"path":"/home/bobbitt/projects/personal/forge2/web_app/src/components/ErrorBoundary.tsx","statementMap":{"0":{"start":{"line":1,"column":0},"end":{"line":1,"column":56}},"1":{"start":{"line":2,"column":0},"end":{"line":2,"column":43}},"2":{"start":{"line":3,"column":0},"end":{"line":3,"column":37}},"3":{"start":{"line":17,"column":4},"end":{"line":17,"column":17}},"4":{"start":{"line":36,"column":2},"end":{"line":41,"column":null}},"5":{"start":{"line":37,"column":4},"end":{"line":40,"column":7}},"6":{"start":{"line":18,"column":4},"end":{"line":21,"column":6}},"7":{"start":{"line":25,"column":4},"end":{"line":28,"column":6}},"8":{"start":{"line":33,"column":4},"end":{"line":33,"column":70}},"9":{"start":{"line":44,"column":4},"end":{"line":59,"column":5}},"10":{"start":{"line":45,"column":6},"end":{"line":47,"column":7}},"11":{"start":{"line":46,"column":8},"end":{"line":46,"column":35}},"12":{"start":{"line":49,"column":6},"end":{"line":58,"column":8}},"13":{"start":{"line":61,"column":4},"end":{"line":61,"column":31}},"14":{"start":{"line":65,"column":0},"end":{"line":65,"column":29}}},"fnMap":{"0":{"name":"(anonymous_0)","decl":{"start":{"line":16,"column":2},"end":{"line":16,"column":14}},"loc":{"start":{"line":16,"column":39},"end":{"line":22,"column":3}}},"1":{"name":"(anonymous_1)","decl":{"start":{"line":36,"column":23},"end":{"line":36,"column":32}},"loc":{"start":{"line":36,"column":34},"end":{"line":41,"column":3}}},"2":{"name":"(anonymous_2)","decl":{"start":{"line":24,"column":2},"end":{"line":24,"column":8}},"loc":{"start":{"line":24,"column":46},"end":{"line":29,"column":3}}},"3":{"name":"(anonymous_3)","decl":{"start":{"line":31,"column":2},"end":{"line":31,"column":19}},"loc":{"start":{"line":31,"column":54},"end":{"line":34,"column":3}}},"4":{"name":"(anonymous_4)","decl":{"start":{"line":43,"column":2},"end":{"line":43,"column":8}},"loc":{"start":{"line":43,"column":8},"end":{"line":62,"column":3}}}},"branchMap":{"0":{"loc":{"start":{"line":44,"column":4},"end":{"line":59,"column":5}},"type":"if","locations":[{"start":{"line":44,"column":4},"end":{"line":59,"column":5}}]},"1":{"loc":{"start":{"line":45,"column":6},"end":{"line":47,"column":7}},"type":"if","locations":[{"start":{"line":45,"column":6},"end":{"line":47,"column":7}}]},"2":{"loc":{"start":{"line":54,"column":36},"end":{"line":54,"column":95}},"type":"binary-expr","locations":[{"start":{"line":54,"column":36},"end":{"line":54,"column":61}},{"start":{"line":54,"column":65},"end":{"line":54,"column":95}}]}},"s":{"0":0,"1":0,"2":0,"3":0,"4":0,"5":0,"6":0,"7":0,"8":0,"9":0,"10":0,"11":0,"12":0,"13":0,"14":0},"f":{"0":0,"1":0,"2":0,"3":0,"4":0},"b":{"0":[0],"1":[0],"2":[0,0]}}
,"/home/bobbitt/projects/personal/forge2/web_app/src/components/ParameterDependency.tsx": {"path":"/home/bobbitt/projects/personal/forge2/web_app/src/components/ParameterDependency.tsx","statementMap":{"0":{"start":{"line":28,"column":0},"end":{"line":28,"column":16}},"1":{"start":{"line":1,"column":0},"end":{"line":1,"column":33}},"2":{"start":{"line":2,"column":0},"end":{"line":2,"column":37}},"3":{"start":{"line":3,"column":0},"end":{"line":3,"column":35}},"4":{"start":{"line":4,"column":0},"end":{"line":4,"column":35}},"5":{"start":{"line":5,"column":0},"end":{"line":5,"column":null}},"6":{"start":{"line":13,"column":0},"end":{"line":13,"column":43}},"7":{"start":{"line":29,"column":38},"end":{"line":30,"column":null}},"8":{"start":{"line":32,"column":30},"end":{"line":33,"column":null}},"9":{"start":{"line":37,"column":30},"end":{"line":37,"column":78}},"10":{"start":{"line":37,"column":56},"end":{"line":37,"column":77}},"11":{"start":{"line":39,"column":23},"end":{"line":49,"column":3}},"12":{"start":{"line":40,"column":36},"end":{"line":45,"column":6}},"13":{"start":{"line":46,"column":30},"end":{"line":46,"column":59}},"14":{"start":{"line":47,"column":4},"end":{"line":47,"column":37}},"15":{"start":{"line":48,"column":4},"end":{"line":48,"column":48}},"16":{"start":{"line":51,"column":26},"end":{"line":55,"column":3}},"17":{"start":{"line":52,"column":30},"end":{"line":52,"column":65}},"18":{"start":{"line":52,"column":53},"end":{"line":52,"column":64}},"19":{"start":{"line":53,"column":4},"end":{"line":53,"column":37}},"20":{"start":{"line":54,"column":4},"end":{"line":54,"column":48}},"21":{"start":{"line":57,"column":26},"end":{"line":63,"column":3}},"22":{"start":{"line":58,"column":30},"end":{"line":59,"column":null}},"23":{"start":{"line":59,"column":6},"end":{"line":59,"column":48}},"24":{"start":{"line":61,"column":4},"end":{"line":61,"column":37}},"25":{"start":{"line":62,"column":4},"end":{"line":62,"column":48}},"26":{"start":{"line":65,"column":23},"end":{"line":68,"column":3}},"27":{"start":{"line":66,"column":4},"end":{"line":66,"column":25}},"28":{"start":{"line":67,"column":4},"end":{"line":67,"column":44}},"29":{"start":{"line":70,"column":27},"end":{"line":79,"column":3}},"30":{"start":{"line":71,"column":4},"end":{"line":78,"column":5}},"31":{"start":{"line":72,"column":6},"end":{"line":72,"column":21}},"32":{"start":{"line":74,"column":6},"end":{"line":77,"column":9}},"33":{"start":{"line":81,"column":29},"end":{"line":96,"column":3}},"34":{"start":{"line":82,"column":18},"end":{"line":82,"column":59}},"35":{"start":{"line":82,"column":42},"end":{"line":82,"column":58}},"36":{"start":{"line":83,"column":4},"end":{"line":83,"column":48}},"37":{"start":{"line":83,"column":16},"end":{"line":83,"column":48}},"38":{"start":{"line":85,"column":4},"end":{"line":95,"column":5}},"39":{"start":{"line":88,"column":8},"end":{"line":88,"column":69}},"40":{"start":{"line":90,"column":8},"end":{"line":90,"column":52}},"41":{"start":{"line":92,"column":8},"end":{"line":92,"column":40}},"42":{"start":{"line":94,"column":8},"end":{"line":94,"column":40}},"43":{"start":{"line":98,"column":27},"end":{"line":107,"column":3}},"44":{"start":{"line":99,"column":43},"end":{"line":105,"column":6}},"45":{"start":{"line":106,"column":4},"end":{"line":106,"column":40}},"46":{"start":{"line":109,"column":24},"end":{"line":139,"column":3}},"47":{"start":{"line":110,"column":18},"end":{"line":110,"column":69}},"48":{"start":{"line":110,"column":42},"end":{"line":110,"column":68}},"49":{"start":{"line":111,"column":4},"end":{"line":111,"column":28}},"50":{"start":{"line":111,"column":16},"end":{"line":111,"column":28}},"51":{"start":{"line":113,"column":4},"end":{"line":138,"column":5}},"52":{"start":{"line":115,"column":8},"end":{"line":128,"column":10}},"53":{"start":{"line":118,"column":38},"end":{"line":118,"column":83}},"54":{"start":{"line":130,"column":8},"end":{"line":137,"column":10}},"55":{"start":{"line":134,"column":29},"end":{"line":134,"column":83}},"56":{"start":{"line":141,"column":2},"end":{"line":241,"column":4}},"57":{"start":{"line":163,"column":14},"end":{"line":163,"column":38}},"58":{"start":{"line":167,"column":46},"end":{"line":167,"column":93}},"59":{"start":{"line":174,"column":24},"end":{"line":174,"column":47}},"60":{"start":{"line":185,"column":46},"end":{"line":188,"column":null}},"61":{"start":{"line":196,"column":24},"end":{"line":196,"column":45}},"62":{"start":{"line":213,"column":35},"end":{"line":213,"column":64}},"63":{"start":{"line":226,"column":40},"end":{"line":226,"column":96}},"64":{"start":{"line":244,"column":0},"end":{"line":244,"column":35}}},"fnMap":{"0":{"name":"ParameterDependency","decl":{"start":{"line":28,"column":16},"end":{"line":28,"column":35}},"loc":{"start":{"line":28,"column":100},"end":{"line":242,"column":1}}},"1":{"name":"(anonymous_1)","decl":{"start":{"line":37,"column":51},"end":{"line":37,"column":52}},"loc":{"start":{"line":37,"column":56},"end":{"line":37,"column":77}}},"2":{"name":"(anonymous_2)","decl":{"start":{"line":39,"column":23},"end":{"line":39,"column":26}},"loc":{"start":{"line":39,"column":28},"end":{"line":49,"column":3}}},"3":{"name":"(anonymous_3)","decl":{"start":{"line":51,"column":26},"end":{"line":51,"column":27}},"loc":{"start":{"line":51,"column":41},"end":{"line":55,"column":3}}},"4":{"name":"(anonymous_4)","decl":{"start":{"line":52,"column":48},"end":{"line":52,"column":49}},"loc":{"start":{"line":52,"column":53},"end":{"line":52,"column":64}}},"5":{"name":"(anonymous_5)","decl":{"start":{"line":57,"column":26},"end":{"line":57,"column":27}},"loc":{"start":{"line":57,"column":80},"end":{"line":63,"column":3}}},"6":{"name":"(anonymous_6)","decl":{"start":{"line":58,"column":45},"end":{"line":58,"column":46}},"loc":{"start":{"line":59,"column":6},"end":{"line":59,"column":48}}},"7":{"name":"(anonymous_7)","decl":{"start":{"line":65,"column":23},"end":{"line":65,"column":24}},"loc":{"start":{"line":65,"column":72},"end":{"line":68,"column":3}}},"8":{"name":"(anonymous_8)","decl":{"start":{"line":70,"column":27},"end":{"line":70,"column":28}},"loc":{"start":{"line":70,"column":85},"end":{"line":79,"column":3}}},"9":{"name":"(anonymous_9)","decl":{"start":{"line":81,"column":29},"end":{"line":81,"column":30}},"loc":{"start":{"line":81,"column":49},"end":{"line":96,"column":3}}},"10":{"name":"(anonymous_10)","decl":{"start":{"line":82,"column":37},"end":{"line":82,"column":38}},"loc":{"start":{"line":82,"column":42},"end":{"line":82,"column":58}}},"11":{"name":"(anonymous_11)","decl":{"start":{"line":98,"column":27},"end":{"line":98,"column":28}},"loc":{"start":{"line":98,"column":48},"end":{"line":107,"column":3}}},"12":{"name":"(anonymous_12)","decl":{"start":{"line":109,"column":24},"end":{"line":109,"column":25}},"loc":{"start":{"line":109,"column":49},"end":{"line":139,"column":3}}},"13":{"name":"(anonymous_13)","decl":{"start":{"line":110,"column":37},"end":{"line":110,"column":38}},"loc":{"start":{"line":110,"column":42},"end":{"line":110,"column":68}}},"14":{"name":"(anonymous_14)","decl":{"start":{"line":118,"column":27},"end":{"line":118,"column":28}},"loc":{"start":{"line":118,"column":38},"end":{"line":118,"column":83}}},"15":{"name":"(anonymous_15)","decl":{"start":{"line":134,"column":22},"end":{"line":134,"column":23}},"loc":{"start":{"line":134,"column":29},"end":{"line":134,"column":83}}},"16":{"name":"(anonymous_16)","decl":{"start":{"line":162,"column":28},"end":{"line":162,"column":29}},"loc":{"start":{"line":163,"column":14},"end":{"line":163,"column":38}}},"17":{"name":"(anonymous_17)","decl":{"start":{"line":167,"column":35},"end":{"line":167,"column":36}},"loc":{"start":{"line":167,"column":46},"end":{"line":167,"column":93}}},"18":{"name":"(anonymous_18)","decl":{"start":{"line":173,"column":47},"end":{"line":173,"column":48}},"loc":{"start":{"line":174,"column":24},"end":{"line":174,"column":47}}},"19":{"name":"(anonymous_19)","decl":{"start":{"line":185,"column":35},"end":{"line":185,"column":36}},"loc":{"start":{"line":185,"column":46},"end":{"line":188,"column":null}}},"20":{"name":"(anonymous_20)","decl":{"start":{"line":195,"column":65},"end":{"line":195,"column":66}},"loc":{"start":{"line":196,"column":24},"end":{"line":196,"column":45}}},"21":{"name":"(anonymous_21)","decl":{"start":{"line":213,"column":29},"end":{"line":213,"column":32}},"loc":{"start":{"line":213,"column":35},"end":{"line":213,"column":64}}},"22":{"name":"(anonymous_22)","decl":{"start":{"line":226,"column":29},"end":{"line":226,"column":30}},"loc":{"start":{"line":226,"column":40},"end":{"line":226,"column":96}}}},"branchMap":{"0":{"loc":{"start":{"line":30,"column":4},"end":{"line":30,"column":44}},"type":"binary-expr","locations":[{"start":{"line":30,"column":4},"end":{"line":30,"column":38}},{"start":{"line":30,"column":42},"end":{"line":30,"column":44}}]},"1":{"loc":{"start":{"line":33,"column":4},"end":{"line":33,"column":48}},"type":"binary-expr","locations":[{"start":{"line":33,"column":4},"end":{"line":33,"column":34}},{"start":{"line":33,"column":38},"end":{"line":33,"column":48}}]},"2":{"loc":{"start":{"line":42,"column":15},"end":{"line":42,"column":78}},"type":"cond-expr","locations":[{"start":{"line":42,"column":48},"end":{"line":42,"column":73}},{"start":{"line":42,"column":76},"end":{"line":42,"column":78}}]},"3":{"loc":{"start":{"line":59,"column":6},"end":{"line":59,"column":48}},"type":"cond-expr","locations":[{"start":{"line":59,"column":20},"end":{"line":59,"column":44}},{"start":{"line":59,"column":47},"end":{"line":59,"column":48}}]},"4":{"loc":{"start":{"line":71,"column":4},"end":{"line":78,"column":5}},"type":"if","locations":[{"start":{"line":71,"column":4},"end":{"line":78,"column":5}},{"start":{"line":73,"column":11},"end":{"line":78,"column":5}}]},"5":{"loc":{"start":{"line":83,"column":4},"end":{"line":83,"column":48}},"type":"if","locations":[{"start":{"line":83,"column":4},"end":{"line":83,"column":48}}]},"6":{"loc":{"start":{"line":85,"column":4},"end":{"line":95,"column":5}},"type":"switch","locations":[{"start":{"line":86,"column":6},"end":{"line":86,"column":20}},{"start":{"line":87,"column":6},"end":{"line":88,"column":69}},{"start":{"line":89,"column":6},"end":{"line":90,"column":52}},{"start":{"line":91,"column":6},"end":{"line":92,"column":40}},{"start":{"line":93,"column":6},"end":{"line":94,"column":40}}]},"7":{"loc":{"start":{"line":106,"column":11},"end":{"line":106,"column":39}},"type":"binary-expr","locations":[{"start":{"line":106,"column":11},"end":{"line":106,"column":27}},{"start":{"line":106,"column":31},"end":{"line":106,"column":39}}]},"8":{"loc":{"start":{"line":111,"column":4},"end":{"line":111,"column":28}},"type":"if","locations":[{"start":{"line":111,"column":4},"end":{"line":111,"column":28}}]},"9":{"loc":{"start":{"line":113,"column":4},"end":{"line":138,"column":5}},"type":"switch","locations":[{"start":{"line":114,"column":6},"end":{"line":128,"column":10}},{"start":{"line":129,"column":6},"end":{"line":137,"column":10}}]},"10":{"loc":{"start":{"line":132,"column":18},"end":{"line":132,"column":89}},"type":"cond-expr","locations":[{"start":{"line":132,"column":72},"end":{"line":132,"column":80}},{"start":{"line":132,"column":83},"end":{"line":132,"column":89}}]},"11":{"loc":{"start":{"line":132,"column":18},"end":{"line":132,"column":69}},"type":"binary-expr","locations":[{"start":{"line":132,"column":18},"end":{"line":132,"column":41}},{"start":{"line":132,"column":45},"end":{"line":132,"column":69}}]},"12":{"loc":{"start":{"line":157,"column":7},"end":{"line":238,"column":null}},"type":"cond-expr","locations":[{"start":{"line":158,"column":8},"end":{"line":158,"column":80}},{"start":{"line":160,"column":8},"end":{"line":237,"column":null}}]},"13":{"loc":{"start":{"line":175,"column":27},"end":{"line":175,"column":56}},"type":"binary-expr","locations":[{"start":{"line":175,"column":27},"end":{"line":175,"column":33}},{"start":{"line":175,"column":37},"end":{"line":175,"column":56}}]}},"s":{"0":1,"1":1,"2":1,"3":1,"4":1,"5":1,"6":1,"7":0,"8":0,"9":0,"10":0,"11":0,"12":0,"13":0,"14":0,"15":0,"16":0,"17":0,"18":0,"19":0,"20":0,"21":0,"22":0,"23":0,"24":0,"25":0,"26":0,"27":0,"28":0,"29":0,"30":0,"31":0,"32":0,"33":0,"34":0,"35":0,"36":0,"37":0,"38":0,"39":0,"40":0,"41":0,"42":0,"43":0,"44":0,"45":0,"46":0,"47":0,"48":0,"49":0,"50":0,"51":0,"52":0,"53":0,"54":0,"55":0,"56":0,"57":0,"58":0,"59":0,"60":0,"61":0,"62":0,"63":0,"64":1},"f":{"0":0,"1":0,"2":0,"3":0,"4":0,"5":0,"6":0,"7":0,"8":0,"9":0,"10":0,"11":0,"12":0,"13":0,"14":0,"15":0,"16":0,"17":0,"18":0,"19":0,"20":0,"21":0,"22":0},"b":{"0":[0,0],"1":[0,0],"2":[0,0],"3":[0,0],"4":[0,0],"5":[0],"6":[0,0,0,0,0],"7":[0,0],"8":[0],"9":[0,0],"10":[0,0],"11":[0,0],"12":[0,0],"13":[0,0]}}
,"/home/bobbitt/projects/personal/forge2/web_app/src/components/ToolEditor.tsx": {"path":"/home/bobbitt/projects/personal/forge2/web_app/src/components/ToolEditor.tsx","statementMap":{"0":{"start":{"line":30,"column":0},"end":{"line":30,"column":24}},"1":{"start":{"line":1,"column":0},"end":{"line":1,"column":39}},"2":{"start":{"line":2,"column":0},"end":{"line":2,"column":90}},"3":{"start":{"line":3,"column":0},"end":{"line":3,"column":44}},"4":{"start":{"line":4,"column":0},"end":{"line":4,"column":64}},"5":{"start":{"line":5,"column":0},"end":{"line":5,"column":61}},"6":{"start":{"line":6,"column":0},"end":{"line":6,"column":37}},"7":{"start":{"line":7,"column":0},"end":{"line":7,"column":35}},"8":{"start":{"line":8,"column":0},"end":{"line":8,"column":39}},"9":{"start":{"line":9,"column":0},"end":{"line":9,"column":92}},"10":{"start":{"line":10,"column":0},"end":{"line":10,"column":37}},"11":{"start":{"line":11,"column":0},"end":{"line":11,"column":45}},"12":{"start":{"line":12,"column":0},"end":{"line":12,"column":42}},"13":{"start":{"line":13,"column":0},"end":{"line":13,"column":91}},"14":{"start":{"line":14,"column":0},"end":{"line":14,"column":56}},"15":{"start":{"line":15,"column":0},"end":{"line":15,"column":48}},"16":{"start":{"line":17,"column":0},"end":{"line":17,"column":90}},"17":{"start":{"line":20,"column":24},"end":{"line":28,"column":2}},"18":{"start":{"line":31,"column":19},"end":{"line":31,"column":46}},"19":{"start":{"line":32,"column":21},"end":{"line":32,"column":34}},"20":{"start":{"line":33,"column":24},"end":{"line":33,"column":66}},"21":{"start":{"line":33,"column":48},"end":{"line":33,"column":65}},"22":{"start":{"line":34,"column":20},"end":{"line":34,"column":58}},"23":{"start":{"line":34,"column":44},"end":{"line":34,"column":57}},"24":{"start":{"line":35,"column":23},"end":{"line":35,"column":64}},"25":{"start":{"line":35,"column":47},"end":{"line":35,"column":63}},"26":{"start":{"line":36,"column":23},"end":{"line":36,"column":64}},"27":{"start":{"line":36,"column":47},"end":{"line":36,"column":63}},"28":{"start":{"line":39,"column":28},"end":{"line":39,"column":40}},"29":{"start":{"line":40,"column":42},"end":{"line":40,"column":54}},"30":{"start":{"line":41,"column":36},"end":{"line":41,"column":55}},"31":{"start":{"line":42,"column":40},"end":{"line":42,"column":65}},"32":{"start":{"line":43,"column":42},"end":{"line":43,"column":54}},"33":{"start":{"line":44,"column":32},"end":{"line":44,"column":47}},"34":{"start":{"line":45,"column":54},"end":{"line":45,"column":66}},"35":{"start":{"line":46,"column":54},"end":{"line":46,"column":76}},"36":{"start":{"line":47,"column":32},"end":{"line":47,"column":54}},"37":{"start":{"line":50,"column":40},"end":{"line":50,"column":77}},"38":{"start":{"line":53,"column":4},"end":{"line":84,"column":26}},"39":{"start":{"line":54,"column":8},"end":{"line":83,"column":9}},"40":{"start":{"line":55,"column":25},"end":{"line":55,"column":40}},"41":{"start":{"line":56,"column":12},"end":{"line":61,"column":13}},"42":{"start":{"line":57,"column":16},"end":{"line":57,"column":35}},"43":{"start":{"line":58,"column":16},"end":{"line":58,"column":49}},"44":{"start":{"line":59,"column":16},"end":{"line":59,"column":43}},"45":{"start":{"line":60,"column":16},"end":{"line":60,"column":47}},"46":{"start":{"line":64,"column":12},"end":{"line":82,"column":15}},"47":{"start":{"line":87,"column":24},"end":{"line":92,"column":5}},"48":{"start":{"line":88,"column":8},"end":{"line":91,"column":12}},"49":{"start":{"line":88,"column":31},"end":{"line":91,"column":10}},"50":{"start":{"line":95,"column":32},"end":{"line":108,"column":5}},"51":{"start":{"line":96,"column":8},"end":{"line":96,"column":50}},"52":{"start":{"line":96,"column":33},"end":{"line":96,"column":50}},"53":{"start":{"line":98,"column":8},"end":{"line":107,"column":9}},"54":{"start":{"line":100,"column":16},"end":{"line":100,"column":44}},"55":{"start":{"line":102,"column":16},"end":{"line":102,"column":50}},"56":{"start":{"line":104,"column":16},"end":{"line":104,"column":47}},"57":{"start":{"line":106,"column":16},"end":{"line":106,"column":36}},"58":{"start":{"line":110,"column":4},"end":{"line":211,"column":40}},"59":{"start":{"line":111,"column":8},"end":{"line":111,"column":26}},"60":{"start":{"line":111,"column":19},"end":{"line":111,"column":26}},"61":{"start":{"line":113,"column":25},"end":{"line":179,"column":10}},"62":{"start":{"line":121,"column":24},"end":{"line":171,"column":25}},"63":{"start":{"line":123,"column":51},"end":{"line":126,"column":30}},"64":{"start":{"line":129,"column":28},"end":{"line":131,"column":29}},"65":{"start":{"line":130,"column":32},"end":{"line":130,"column":64}},"66":{"start":{"line":134,"column":28},"end":{"line":137,"column":29}},"67":{"start":{"line":135,"column":32},"end":{"line":135,"column":58}},"68":{"start":{"line":136,"column":32},"end":{"line":136,"column":66}},"69":{"start":{"line":140,"column":28},"end":{"line":142,"column":29}},"70":{"start":{"line":141,"column":32},"end":{"line":141,"column":74}},"71":{"start":{"line":143,"column":28},"end":{"line":145,"column":29}},"72":{"start":{"line":144,"column":32},"end":{"line":144,"column":74}},"73":{"start":{"line":148,"column":28},"end":{"line":150,"column":29}},"74":{"start":{"line":149,"column":32},"end":{"line":149,"column":105}},"75":{"start":{"line":153,"column":28},"end":{"line":163,"column":29}},"76":{"start":{"line":154,"column":32},"end":{"line":157,"column":34}},"77":{"start":{"line":160,"column":32},"end":{"line":162,"column":33}},"78":{"start":{"line":161,"column":36},"end":{"line":161,"column":88}},"79":{"start":{"line":166,"column":28},"end":{"line":168,"column":29}},"80":{"start":{"line":167,"column":32},"end":{"line":167,"column":78}},"81":{"start":{"line":170,"column":28},"end":{"line":170,"column":56}},"82":{"start":{"line":172,"column":24},"end":{"line":172,"column":35}},"83":{"start":{"line":175,"column":41},"end":{"line":175,"column":69}},"84":{"start":{"line":176,"column":38},"end":{"line":176,"column":48}},"85":{"start":{"line":182,"column":34},"end":{"line":182,"column":82}},"86":{"start":{"line":182,"column":57},"end":{"line":182,"column":81}},"87":{"start":{"line":183,"column":8},"end":{"line":208,"column":9}},"88":{"start":{"line":185,"column":30},"end":{"line":185,"column":65}},"89":{"start":{"line":186,"column":12},"end":{"line":188,"column":13}},"90":{"start":{"line":187,"column":16},"end":{"line":187,"column":45}},"91":{"start":{"line":190,"column":12},"end":{"line":207,"column":15}},"92":{"start":{"line":191,"column":16},"end":{"line":191,"column":63}},"93":{"start":{"line":191,"column":56},"end":{"line":191,"column":63}},"94":{"start":{"line":193,"column":16},"end":{"line":206,"column":18}},"95":{"start":{"line":196,"column":44},"end":{"line":196,"column":84}},"96":{"start":{"line":196,"column":65},"end":{"line":196,"column":83}},"97":{"start":{"line":197,"column":24},"end":{"line":197,"column":75}},"98":{"start":{"line":197,"column":63},"end":{"line":197,"column":75}},"99":{"start":{"line":199,"column":24},"end":{"line":203,"column":26}},"100":{"start":{"line":210,"column":8},"end":{"line":210,"column":58}},"101":{"start":{"line":213,"column":31},"end":{"line":234,"column":5}},"102":{"start":{"line":214,"column":8},"end":{"line":233,"column":11}},"103":{"start":{"line":236,"column":34},"end":{"line":240,"column":5}},"104":{"start":{"line":237,"column":8},"end":{"line":239,"column":11}},"105":{"start":{"line":238,"column":12},"end":{"line":238,"column":54}},"106":{"start":{"line":242,"column":44},"end":{"line":246,"column":5}},"107":{"start":{"line":243,"column":8},"end":{"line":245,"column":11}},"108":{"start":{"line":244,"column":12},"end":{"line":244,"column":52}},"109":{"start":{"line":248,"column":36},"end":{"line":257,"column":5}},"110":{"start":{"line":249,"column":8},"end":{"line":256,"column":11}},"111":{"start":{"line":250,"column":12},"end":{"line":255,"column":17}},"112":{"start":{"line":259,"column":41},"end":{"line":269,"column":5}},"113":{"start":{"line":260,"column":8},"end":{"line":268,"column":9}},"114":{"start":{"line":261,"column":31},"end":{"line":261,"column":57}},"115":{"start":{"line":262,"column":12},"end":{"line":264,"column":15}},"116":{"start":{"line":263,"column":16},"end":{"line":263,"column":72}},"117":{"start":{"line":267,"column":12},"end":{"line":267,"column":68}},"118":{"start":{"line":271,"column":35},"end":{"line":281,"column":5}},"119":{"start":{"line":272,"column":8},"end":{"line":280,"column":9}},"120":{"start":{"line":274,"column":27},"end":{"line":274,"column":82}},"121":{"start":{"line":274,"column":58},"end":{"line":274,"column":66}},"122":{"start":{"line":274,"column":80},"end":{"line":274,"column":81}},"123":{"start":{"line":275,"column":12},"end":{"line":277,"column":15}},"124":{"start":{"line":276,"column":16},"end":{"line":276,"column":62}},"125":{"start":{"line":279,"column":12},"end":{"line":279,"column":64}},"126":{"start":{"line":283,"column":34},"end":{"line":285,"column":5}},"127":{"start":{"line":284,"column":8},"end":{"line":284,"column":59}},"128":{"start":{"line":284,"column":45},"end":{"line":284,"column":56}},"129":{"start":{"line":287,"column":25},"end":{"line":386,"column":5}},"130":{"start":{"line":288,"column":36},"end":{"line":288,"column":38}},"131":{"start":{"line":289,"column":8},"end":{"line":289,"column":66}},"132":{"start":{"line":289,"column":26},"end":{"line":289,"column":66}},"133":{"start":{"line":290,"column":8},"end":{"line":290,"column":80}},"134":{"start":{"line":290,"column":33},"end":{"line":290,"column":80}},"135":{"start":{"line":292,"column":8},"end":{"line":357,"column":11}},"136":{"start":{"line":293,"column":33},"end":{"line":293,"column":97}},"137":{"start":{"line":296,"column":12},"end":{"line":296,"column":87}},"138":{"start":{"line":296,"column":36},"end":{"line":296,"column":87}},"139":{"start":{"line":297,"column":12},"end":{"line":297,"column":87}},"140":{"start":{"line":297,"column":36},"end":{"line":297,"column":87}},"141":{"start":{"line":298,"column":12},"end":{"line":298,"column":101}},"142":{"start":{"line":298,"column":43},"end":{"line":298,"column":101}},"143":{"start":{"line":301,"column":12},"end":{"line":356,"column":13}},"144":{"start":{"line":303,"column":20},"end":{"line":305,"column":21}},"145":{"start":{"line":304,"column":24},"end":{"line":304,"column":92}},"146":{"start":{"line":306,"column":20},"end":{"line":306,"column":26}},"147":{"start":{"line":309,"column":20},"end":{"line":311,"column":21}},"148":{"start":{"line":310,"column":24},"end":{"line":310,"column":87}},"149":{"start":{"line":312,"column":20},"end":{"line":312,"column":26}},"150":{"start":{"line":315,"column":20},"end":{"line":321,"column":21}},"151":{"start":{"line":316,"column":24},"end":{"line":318,"column":25}},"152":{"start":{"line":317,"column":28},"end":{"line":317,"column":102}},"153":{"start":{"line":320,"column":24},"end":{"line":320,"column":95}},"154":{"start":{"line":322,"column":20},"end":{"line":322,"column":26}},"155":{"start":{"line":326,"column":20},"end":{"line":329,"column":21}},"156":{"start":{"line":328,"column":24},"end":{"line":328,"column":103}},"157":{"start":{"line":331,"column":20},"end":{"line":348,"column":21}},"158":{"start":{"line":332,"column":43},"end":{"line":332,"column":64}},"159":{"start":{"line":333,"column":24},"end":{"line":347,"column":25}},"160":{"start":{"line":334,"column":28},"end":{"line":334,"column":106}},"161":{"start":{"line":337,"column":28},"end":{"line":339,"column":29}},"162":{"start":{"line":338,"column":32},"end":{"line":338,"column":108}},"163":{"start":{"line":340,"column":28},"end":{"line":342,"column":29}},"164":{"start":{"line":341,"column":32},"end":{"line":341,"column":111}},"165":{"start":{"line":344,"column":28},"end":{"line":346,"column":29}},"166":{"start":{"line":345,"column":32},"end":{"line":345,"column":99}},"167":{"start":{"line":349,"column":20},"end":{"line":349,"column":26}},"168":{"start":{"line":352,"column":20},"end":{"line":354,"column":21}},"169":{"start":{"line":353,"column":24},"end":{"line":353,"column":105}},"170":{"start":{"line":355,"column":20},"end":{"line":355,"column":26}},"171":{"start":{"line":360,"column":34},"end":{"line":360,"column":36}},"172":{"start":{"line":361,"column":8},"end":{"line":361,"column":57}},"173":{"start":{"line":361,"column":26},"end":{"line":361,"column":57}},"174":{"start":{"line":362,"column":8},"end":{"line":362,"column":71}},"175":{"start":{"line":362,"column":33},"end":{"line":362,"column":71}},"176":{"start":{"line":363,"column":8},"end":{"line":381,"column":11}},"177":{"start":{"line":364,"column":12},"end":{"line":364,"column":85}},"178":{"start":{"line":364,"column":36},"end":{"line":364,"column":85}},"179":{"start":{"line":365,"column":12},"end":{"line":365,"column":85}},"180":{"start":{"line":365,"column":36},"end":{"line":365,"column":85}},"181":{"start":{"line":366,"column":12},"end":{"line":366,"column":92}},"182":{"start":{"line":366,"column":43},"end":{"line":366,"column":92}},"183":{"start":{"line":369,"column":12},"end":{"line":380,"column":13}},"184":{"start":{"line":371,"column":20},"end":{"line":373,"column":21}},"185":{"start":{"line":372,"column":24},"end":{"line":372,"column":73}},"186":{"start":{"line":374,"column":20},"end":{"line":374,"column":26}},"187":{"start":{"line":376,"column":20},"end":{"line":378,"column":21}},"188":{"start":{"line":377,"column":24},"end":{"line":377,"column":75}},"189":{"start":{"line":379,"column":20},"end":{"line":379,"column":26}},"190":{"start":{"line":383,"column":8},"end":{"line":383,"column":48}},"191":{"start":{"line":384,"column":8},"end":{"line":384,"column":29}},"192":{"start":{"line":385,"column":8},"end":{"line":385,"column":38}},"193":{"start":{"line":388,"column":23},"end":{"line":415,"column":5}},"194":{"start":{"line":389,"column":8},"end":{"line":389,"column":36}},"195":{"start":{"line":389,"column":29},"end":{"line":389,"column":36}},"196":{"start":{"line":391,"column":25},"end":{"line":399,"column":10}},"197":{"start":{"line":401,"column":8},"end":{"line":414,"column":9}},"198":{"start":{"line":402,"column":12},"end":{"line":411,"column":13}},"199":{"start":{"line":403,"column":16},"end":{"line":403,"column":41}},"200":{"start":{"line":405,"column":30},"end":{"line":405,"column":53}},"201":{"start":{"line":406,"column":16},"end":{"line":410,"column":17}},"202":{"start":{"line":407,"column":20},"end":{"line":407,"column":48}},"203":{"start":{"line":409,"column":20},"end":{"line":409,"column":72}},"204":{"start":{"line":413,"column":12},"end":{"line":413,"column":55}},"205":{"start":{"line":417,"column":25},"end":{"line":422,"column":5}},"206":{"start":{"line":418,"column":8},"end":{"line":421,"column":9}},"207":{"start":{"line":419,"column":12},"end":{"line":419,"column":27}},"208":{"start":{"line":420,"column":12},"end":{"line":420,"column":35}},"209":{"start":{"line":424,"column":32},"end":{"line":432,"column":5}},"210":{"start":{"line":425,"column":8},"end":{"line":431,"column":9}},"211":{"start":{"line":426,"column":12},"end":{"line":426,"column":61}},"212":{"start":{"line":427,"column":12},"end":{"line":427,"column":28}},"213":{"start":{"line":428,"column":12},"end":{"line":428,"column":53}},"214":{"start":{"line":428,"column":29},"end":{"line":428,"column":45}},"215":{"start":{"line":430,"column":12},"end":{"line":430,"column":49}},"216":{"start":{"line":434,"column":42},"end":{"line":477,"column":5}},"217":{"start":{"line":435,"column":26},"end":{"line":435,"column":40}},"218":{"start":{"line":436,"column":8},"end":{"line":436,"column":40}},"219":{"start":{"line":438,"column":8},"end":{"line":476,"column":9}},"220":{"start":{"line":439,"column":27},"end":{"line":439,"column":60}},"221":{"start":{"line":440,"column":12},"end":{"line":460,"column":13}},"222":{"start":{"line":441,"column":41},"end":{"line":441,"column":47}},"223":{"start":{"line":442,"column":16},"end":{"line":442,"column":30}},"224":{"start":{"line":443,"column":16},"end":{"line":459,"column":21}},"225":{"start":{"line":443,"column":51},"end":{"line":459,"column":18}},"226":{"start":{"line":461,"column":12},"end":{"line":461,"column":26}},"227":{"start":{"line":462,"column":12},"end":{"line":462,"column":38}},"228":{"start":{"line":464,"column":37},"end":{"line":464,"column":73}},"229":{"start":{"line":465,"column":12},"end":{"line":465,"column":45}},"230":{"start":{"line":467,"column":38},"end":{"line":467,"column":40}},"231":{"start":{"line":468,"column":12},"end":{"line":468,"column":54}},"232":{"start":{"line":468,"column":23},"end":{"line":468,"column":54}},"233":{"start":{"line":469,"column":12},"end":{"line":469,"column":73}},"234":{"start":{"line":469,"column":35},"end":{"line":469,"column":73}},"235":{"start":{"line":470,"column":12},"end":{"line":474,"column":15}},"236":{"start":{"line":471,"column":16},"end":{"line":471,"column":82}},"237":{"start":{"line":471,"column":33},"end":{"line":471,"column":82}},"238":{"start":{"line":472,"column":16},"end":{"line":472,"column":82}},"239":{"start":{"line":472,"column":33},"end":{"line":472,"column":82}},"240":{"start":{"line":473,"column":16},"end":{"line":473,"column":89}},"241":{"start":{"line":473,"column":40},"end":{"line":473,"column":89}},"242":{"start":{"line":475,"column":12},"end":{"line":475,"column":52}},"243":{"start":{"line":480,"column":37},"end":{"line":580,"column":5}},"244":{"start":{"line":481,"column":8},"end":{"line":579,"column":9}},"245":{"start":{"line":483,"column":16},"end":{"line":504,"column":18}},"246":{"start":{"line":488,"column":54},"end":{"line":488,"column":102}},"247":{"start":{"line":508,"column":16},"end":{"line":531,"column":18}},"248":{"start":{"line":516,"column":49},"end":{"line":516,"column":107}},"249":{"start":{"line":526,"column":49},"end":{"line":526,"column":107}},"250":{"start":{"line":534,"column":16},"end":{"line":547,"column":18}},"251":{"start":{"line":540,"column":45},"end":{"line":540,"column":93}},"252":{"start":{"line":550,"column":16},"end":{"line":557,"column":18}},"253":{"start":{"line":555,"column":46},"end":{"line":555,"column":87}},"254":{"start":{"line":560,"column":16},"end":{"line":575,"column":18}},"255":{"start":{"line":566,"column":45},"end":{"line":566,"column":99}},"256":{"start":{"line":578,"column":16},"end":{"line":578,"column":28}},"257":{"start":{"line":582,"column":4},"end":{"line":870,"column":6}},"258":{"start":{"line":624,"column":28},"end":{"line":624,"column":45}},"259":{"start":{"line":654,"column":45},"end":{"line":654,"column":68}},"260":{"start":{"line":666,"column":45},"end":{"line":666,"column":75}},"261":{"start":{"line":702,"column":32},"end":{"line":703,"column":null}},"262":{"start":{"line":705,"column":56},"end":{"line":705,"column":77}},"263":{"start":{"line":732,"column":56},"end":{"line":732,"column":111}},"264":{"start":{"line":744,"column":56},"end":{"line":744,"column":102}},"265":{"start":{"line":752,"column":60},"end":{"line":752,"column":83}},"266":{"start":{"line":770,"column":56},"end":{"line":770,"column":118}},"267":{"start":{"line":783,"column":52},"end":{"line":783,"column":104}},"268":{"start":{"line":800,"column":69},"end":{"line":800,"column":127}},"269":{"start":{"line":812,"column":68},"end":{"line":812,"column":115}},"270":{"start":{"line":821,"column":71},"end":{"line":821,"column":102}}},"fnMap":{"0":{"name":"ToolEditor","decl":{"start":{"line":30,"column":24},"end":{"line":30,"column":34}},"loc":{"start":{"line":30,"column":34},"end":{"line":871,"column":1}}},"1":{"name":"(anonymous_2)","decl":{"start":{"line":33,"column":37},"end":{"line":33,"column":38}},"loc":{"start":{"line":33,"column":48},"end":{"line":33,"column":65}}},"2":{"name":"(anonymous_3)","decl":{"start":{"line":34,"column":33},"end":{"line":34,"column":34}},"loc":{"start":{"line":34,"column":44},"end":{"line":34,"column":57}}},"3":{"name":"(anonymous_4)","decl":{"start":{"line":35,"column":36},"end":{"line":35,"column":37}},"loc":{"start":{"line":35,"column":47},"end":{"line":35,"column":63}}},"4":{"name":"(anonymous_5)","decl":{"start":{"line":36,"column":36},"end":{"line":36,"column":37}},"loc":{"start":{"line":36,"column":47},"end":{"line":36,"column":63}}},"5":{"name":"(anonymous_6)","decl":{"start":{"line":53,"column":14},"end":{"line":53,"column":17}},"loc":{"start":{"line":53,"column":19},"end":{"line":84,"column":5}}},"6":{"name":"(anonymous_7)","decl":{"start":{"line":87,"column":24},"end":{"line":87,"column":25}},"loc":{"start":{"line":87,"column":44},"end":{"line":92,"column":5}}},"7":{"name":"(anonymous_8)","decl":{"start":{"line":88,"column":22},"end":{"line":88,"column":26}},"loc":{"start":{"line":88,"column":31},"end":{"line":91,"column":10}}},"8":{"name":"(anonymous_9)","decl":{"start":{"line":95,"column":32},"end":{"line":95,"column":33}},"loc":{"start":{"line":95,"column":76},"end":{"line":108,"column":5}}},"9":{"name":"(anonymous_10)","decl":{"start":{"line":110,"column":14},"end":{"line":110,"column":17}},"loc":{"start":{"line":110,"column":19},"end":{"line":211,"column":5}}},"10":{"name":"(anonymous_11)","decl":{"start":{"line":120,"column":50},"end":{"line":120,"column":51}},"loc":{"start":{"line":120,"column":65},"end":{"line":173,"column":21}}},"11":{"name":"(anonymous_12)","decl":{"start":{"line":175,"column":32},"end":{"line":175,"column":37}},"loc":{"start":{"line":175,"column":41},"end":{"line":175,"column":69}}},"12":{"name":"(anonymous_13)","decl":{"start":{"line":176,"column":29},"end":{"line":176,"column":34}},"loc":{"start":{"line":176,"column":38},"end":{"line":176,"column":48}}},"13":{"name":"(anonymous_14)","decl":{"start":{"line":182,"column":52},"end":{"line":182,"column":53}},"loc":{"start":{"line":182,"column":57},"end":{"line":182,"column":81}}},"14":{"name":"(anonymous_15)","decl":{"start":{"line":190,"column":38},"end":{"line":190,"column":43}},"loc":{"start":{"line":190,"column":46},"end":{"line":207,"column":13}}},"15":{"name":"(anonymous_16)","decl":{"start":{"line":194,"column":66},"end":{"line":194,"column":67}},"loc":{"start":{"line":194,"column":70},"end":{"line":204,"column":21}}},"16":{"name":"(anonymous_17)","decl":{"start":{"line":196,"column":60},"end":{"line":196,"column":61}},"loc":{"start":{"line":196,"column":65},"end":{"line":196,"column":83}}},"17":{"name":"(anonymous_18)","decl":{"start":{"line":213,"column":31},"end":{"line":213,"column":34}},"loc":{"start":{"line":213,"column":36},"end":{"line":234,"column":5}}},"18":{"name":"(anonymous_19)","decl":{"start":{"line":236,"column":34},"end":{"line":236,"column":35}},"loc":{"start":{"line":236,"column":85},"end":{"line":240,"column":5}}},"19":{"name":"(anonymous_20)","decl":{"start":{"line":237,"column":37},"end":{"line":237,"column":38}},"loc":{"start":{"line":238,"column":12},"end":{"line":238,"column":54}}},"20":{"name":"(anonymous_21)","decl":{"start":{"line":242,"column":44},"end":{"line":242,"column":45}},"loc":{"start":{"line":242,"column":78},"end":{"line":246,"column":5}}},"21":{"name":"(anonymous_22)","decl":{"start":{"line":243,"column":37},"end":{"line":243,"column":38}},"loc":{"start":{"line":244,"column":12},"end":{"line":244,"column":52}}},"22":{"name":"(anonymous_23)","decl":{"start":{"line":248,"column":36},"end":{"line":248,"column":37}},"loc":{"start":{"line":248,"column":64},"end":{"line":257,"column":5}}},"23":{"name":"(anonymous_24)","decl":{"start":{"line":249,"column":37},"end":{"line":249,"column":38}},"loc":{"start":{"line":250,"column":12},"end":{"line":255,"column":17}}},"24":{"name":"(anonymous_25)","decl":{"start":{"line":259,"column":41},"end":{"line":259,"column":42}},"loc":{"start":{"line":259,"column":80},"end":{"line":269,"column":5}}},"25":{"name":"(anonymous_26)","decl":{"start":{"line":262,"column":41},"end":{"line":262,"column":42}},"loc":{"start":{"line":263,"column":16},"end":{"line":263,"column":72}}},"26":{"name":"(anonymous_27)","decl":{"start":{"line":271,"column":35},"end":{"line":271,"column":36}},"loc":{"start":{"line":271,"column":70},"end":{"line":281,"column":5}}},"27":{"name":"(anonymous_28)","decl":{"start":{"line":274,"column":53},"end":{"line":274,"column":54}},"loc":{"start":{"line":274,"column":58},"end":{"line":274,"column":66}}},"28":{"name":"(anonymous_29)","decl":{"start":{"line":274,"column":75},"end":{"line":274,"column":76}},"loc":{"start":{"line":274,"column":80},"end":{"line":274,"column":81}}},"29":{"name":"(anonymous_30)","decl":{"start":{"line":275,"column":41},"end":{"line":275,"column":42}},"loc":{"start":{"line":276,"column":16},"end":{"line":276,"column":62}}},"30":{"name":"(anonymous_31)","decl":{"start":{"line":283,"column":34},"end":{"line":283,"column":35}},"loc":{"start":{"line":283,"column":49},"end":{"line":285,"column":5}}},"31":{"name":"(anonymous_32)","decl":{"start":{"line":284,"column":40},"end":{"line":284,"column":41}},"loc":{"start":{"line":284,"column":45},"end":{"line":284,"column":56}}},"32":{"name":"(anonymous_33)","decl":{"start":{"line":287,"column":25},"end":{"line":287,"column":28}},"loc":{"start":{"line":287,"column":30},"end":{"line":386,"column":5}}},"33":{"name":"(anonymous_34)","decl":{"start":{"line":292,"column":27},"end":{"line":292,"column":28}},"loc":{"start":{"line":292,"column":45},"end":{"line":357,"column":9}}},"34":{"name":"(anonymous_35)","decl":{"start":{"line":363,"column":27},"end":{"line":363,"column":28}},"loc":{"start":{"line":363,"column":37},"end":{"line":381,"column":9}}},"35":{"name":"(anonymous_36)","decl":{"start":{"line":388,"column":23},"end":{"line":388,"column":28}},"loc":{"start":{"line":388,"column":34},"end":{"line":415,"column":5}}},"36":{"name":"(anonymous_37)","decl":{"start":{"line":417,"column":25},"end":{"line":417,"column":28}},"loc":{"start":{"line":417,"column":30},"end":{"line":422,"column":5}}},"37":{"name":"(anonymous_38)","decl":{"start":{"line":424,"column":32},"end":{"line":424,"column":37}},"loc":{"start":{"line":424,"column":43},"end":{"line":432,"column":5}}},"38":{"name":"(anonymous_39)","decl":{"start":{"line":428,"column":23},"end":{"line":428,"column":26}},"loc":{"start":{"line":428,"column":29},"end":{"line":428,"column":45}}},"39":{"name":"(anonymous_40)","decl":{"start":{"line":434,"column":42},"end":{"line":434,"column":47}},"loc":{"start":{"line":434,"column":94},"end":{"line":477,"column":5}}},"40":{"name":"(anonymous_41)","decl":{"start":{"line":443,"column":41},"end":{"line":443,"column":46}},"loc":{"start":{"line":443,"column":51},"end":{"line":459,"column":18}}},"41":{"name":"(anonymous_42)","decl":{"start":{"line":470,"column":31},"end":{"line":470,"column":32}},"loc":{"start":{"line":470,"column":52},"end":{"line":474,"column":13}}},"42":{"name":"(anonymous_43)","decl":{"start":{"line":480,"column":37},"end":{"line":480,"column":38}},"loc":{"start":{"line":480,"column":58},"end":{"line":580,"column":5}}},"43":{"name":"(anonymous_44)","decl":{"start":{"line":488,"column":43},"end":{"line":488,"column":44}},"loc":{"start":{"line":488,"column":54},"end":{"line":488,"column":102}}},"44":{"name":"(anonymous_45)","decl":{"start":{"line":516,"column":42},"end":{"line":516,"column":43}},"loc":{"start":{"line":516,"column":49},"end":{"line":516,"column":107}}},"45":{"name":"(anonymous_46)","decl":{"start":{"line":526,"column":42},"end":{"line":526,"column":43}},"loc":{"start":{"line":526,"column":49},"end":{"line":526,"column":107}}},"46":{"name":"(anonymous_47)","decl":{"start":{"line":540,"column":38},"end":{"line":540,"column":39}},"loc":{"start":{"line":540,"column":45},"end":{"line":540,"column":93}}},"47":{"name":"(anonymous_48)","decl":{"start":{"line":555,"column":34},"end":{"line":555,"column":35}},"loc":{"start":{"line":555,"column":46},"end":{"line":555,"column":87}}},"48":{"name":"(anonymous_49)","decl":{"start":{"line":566,"column":38},"end":{"line":566,"column":39}},"loc":{"start":{"line":566,"column":45},"end":{"line":566,"column":99}}},"49":{"name":"(anonymous_50)","decl":{"start":{"line":623,"column":36},"end":{"line":623,"column":37}},"loc":{"start":{"line":624,"column":28},"end":{"line":624,"column":45}}},"50":{"name":"(anonymous_51)","decl":{"start":{"line":654,"column":38},"end":{"line":654,"column":39}},"loc":{"start":{"line":654,"column":45},"end":{"line":654,"column":68}}},"51":{"name":"(anonymous_52)","decl":{"start":{"line":666,"column":38},"end":{"line":666,"column":39}},"loc":{"start":{"line":666,"column":45},"end":{"line":666,"column":75}}},"52":{"name":"(anonymous_53)","decl":{"start":{"line":701,"column":44},"end":{"line":701,"column":45}},"loc":{"start":{"line":702,"column":32},"end":{"line":703,"column":null}}},"53":{"name":"(anonymous_54)","decl":{"start":{"line":705,"column":50},"end":{"line":705,"column":53}},"loc":{"start":{"line":705,"column":56},"end":{"line":705,"column":77}}},"54":{"name":"(anonymous_55)","decl":{"start":{"line":731,"column":62},"end":{"line":731,"column":63}},"loc":{"start":{"line":732,"column":56},"end":{"line":732,"column":111}}},"55":{"name":"(anonymous_56)","decl":{"start":{"line":743,"column":67},"end":{"line":743,"column":68}},"loc":{"start":{"line":744,"column":56},"end":{"line":744,"column":102}}},"56":{"name":"(anonymous_57)","decl":{"start":{"line":751,"column":77},"end":{"line":751,"column":81}},"loc":{"start":{"line":752,"column":60},"end":{"line":752,"column":83}}},"57":{"name":"(anonymous_58)","decl":{"start":{"line":769,"column":62},"end":{"line":769,"column":63}},"loc":{"start":{"line":770,"column":56},"end":{"line":770,"column":118}}},"58":{"name":"(anonymous_59)","decl":{"start":{"line":782,"column":65},"end":{"line":782,"column":66}},"loc":{"start":{"line":783,"column":52},"end":{"line":783,"column":104}}},"59":{"name":"(anonymous_60)","decl":{"start":{"line":800,"column":62},"end":{"line":800,"column":63}},"loc":{"start":{"line":800,"column":69},"end":{"line":800,"column":127}}},"60":{"name":"(anonymous_61)","decl":{"start":{"line":812,"column":58},"end":{"line":812,"column":59}},"loc":{"start":{"line":812,"column":68},"end":{"line":812,"column":115}}},"61":{"name":"(anonymous_62)","decl":{"start":{"line":821,"column":65},"end":{"line":821,"column":68}},"loc":{"start":{"line":821,"column":71},"end":{"line":821,"column":102}}}},"branchMap":{"0":{"loc":{"start":{"line":54,"column":8},"end":{"line":83,"column":9}},"type":"if","locations":[{"start":{"line":54,"column":8},"end":{"line":83,"column":9}},{"start":{"line":62,"column":15},"end":{"line":83,"column":9}}]},"1":{"loc":{"start":{"line":56,"column":12},"end":{"line":61,"column":13}},"type":"if","locations":[{"start":{"line":56,"column":12},"end":{"line":61,"column":13}}]},"2":{"loc":{"start":{"line":96,"column":8},"end":{"line":96,"column":50}},"type":"if","locations":[{"start":{"line":96,"column":8},"end":{"line":96,"column":50}}]},"3":{"loc":{"start":{"line":98,"column":8},"end":{"line":107,"column":9}},"type":"switch","locations":[{"start":{"line":99,"column":12},"end":{"line":100,"column":44}},{"start":{"line":101,"column":12},"end":{"line":102,"column":50}},{"start":{"line":103,"column":12},"end":{"line":104,"column":47}},{"start":{"line":105,"column":12},"end":{"line":106,"column":36}}]},"4":{"loc":{"start":{"line":111,"column":8},"end":{"line":111,"column":26}},"type":"if","locations":[{"start":{"line":111,"column":8},"end":{"line":111,"column":26}}]},"5":{"loc":{"start":{"line":121,"column":24},"end":{"line":171,"column":25}},"type":"if","locations":[{"start":{"line":121,"column":24},"end":{"line":171,"column":25}}]},"6":{"loc":{"start":{"line":124,"column":38},"end":{"line":124,"column":87}},"type":"cond-expr","locations":[{"start":{"line":124,"column":65},"end":{"line":124,"column":74}},{"start":{"line":124,"column":77},"end":{"line":124,"column":87}}]},"7":{"loc":{"start":{"line":129,"column":28},"end":{"line":131,"column":29}},"type":"if","locations":[{"start":{"line":129,"column":28},"end":{"line":131,"column":29}}]},"8":{"loc":{"start":{"line":129,"column":32},"end":{"line":129,"column":128}},"type":"binary-expr","locations":[{"start":{"line":129,"column":32},"end":{"line":129,"column":44}},{"start":{"line":129,"column":49},"end":{"line":129,"column":72}},{"start":{"line":129,"column":76},"end":{"line":129,"column":99}},{"start":{"line":129,"column":103},"end":{"line":129,"column":127}}]},"9":{"loc":{"start":{"line":134,"column":28},"end":{"line":137,"column":29}},"type":"if","locations":[{"start":{"line":134,"column":28},"end":{"line":137,"column":29}}]},"10":{"loc":{"start":{"line":134,"column":32},"end":{"line":134,"column":104}},"type":"binary-expr","locations":[{"start":{"line":134,"column":32},"end":{"line":134,"column":53}},{"start":{"line":134,"column":57},"end":{"line":134,"column":73}},{"start":{"line":134,"column":77},"end":{"line":134,"column":104}}]},"11":{"loc":{"start":{"line":140,"column":28},"end":{"line":142,"column":29}},"type":"if","locations":[{"start":{"line":140,"column":28},"end":{"line":142,"column":29}}]},"12":{"loc":{"start":{"line":140,"column":32},"end":{"line":140,"column":109}},"type":"binary-expr","locations":[{"start":{"line":140,"column":33},"end":{"line":140,"column":56}},{"start":{"line":140,"column":60},"end":{"line":140,"column":84}},{"start":{"line":140,"column":89},"end":{"line":140,"column":109}}]},"13":{"loc":{"start":{"line":143,"column":28},"end":{"line":145,"column":29}},"type":"if","locations":[{"start":{"line":143,"column":28},"end":{"line":145,"column":29}}]},"14":{"loc":{"start":{"line":143,"column":32},"end":{"line":143,"column":109}},"type":"binary-expr","locations":[{"start":{"line":143,"column":33},"end":{"line":143,"column":56}},{"start":{"line":143,"column":60},"end":{"line":143,"column":84}},{"start":{"line":143,"column":89},"end":{"line":143,"column":109}}]},"15":{"loc":{"start":{"line":148,"column":28},"end":{"line":150,"column":29}},"type":"if","locations":[{"start":{"line":148,"column":28},"end":{"line":150,"column":29}}]},"16":{"loc":{"start":{"line":149,"column":84},"end":{"line":149,"column":103}},"type":"binary-expr","locations":[{"start":{"line":149,"column":84},"end":{"line":149,"column":97}},{"start":{"line":149,"column":101},"end":{"line":149,"column":103}}]},"17":{"loc":{"start":{"line":153,"column":28},"end":{"line":163,"column":29}},"type":"if","locations":[{"start":{"line":153,"column":28},"end":{"line":163,"column":29}}]},"18":{"loc":{"start":{"line":155,"column":42},"end":{"line":155,"column":73}},"type":"binary-expr","locations":[{"start":{"line":155,"column":42},"end":{"line":155,"column":61}},{"start":{"line":155,"column":65},"end":{"line":155,"column":73}}]},"19":{"loc":{"start":{"line":156,"column":49},"end":{"line":156,"column":81}},"type":"binary-expr","locations":[{"start":{"line":156,"column":49},"end":{"line":156,"column":75}},{"start":{"line":156,"column":79},"end":{"line":156,"column":81}}]},"20":{"loc":{"start":{"line":160,"column":32},"end":{"line":162,"column":33}},"type":"if","locations":[{"start":{"line":160,"column":32},"end":{"line":162,"column":33}}]},"21":{"loc":{"start":{"line":160,"column":36},"end":{"line":160,"column":94}},"type":"binary-expr","locations":[{"start":{"line":160,"column":36},"end":{"line":160,"column":68}},{"start":{"line":160,"column":72},"end":{"line":160,"column":94}}]},"22":{"loc":{"start":{"line":166,"column":28},"end":{"line":168,"column":29}},"type":"if","locations":[{"start":{"line":166,"column":28},"end":{"line":168,"column":29}}]},"23":{"loc":{"start":{"line":166,"column":32},"end":{"line":166,"column":81}},"type":"binary-expr","locations":[{"start":{"line":166,"column":32},"end":{"line":166,"column":55}},{"start":{"line":166,"column":59},"end":{"line":166,"column":81}}]},"24":{"loc":{"start":{"line":175,"column":41},"end":{"line":175,"column":69}},"type":"binary-expr","locations":[{"start":{"line":175,"column":41},"end":{"line":175,"column":55}},{"start":{"line":175,"column":59},"end":{"line":175,"column":69}}]},"25":{"loc":{"start":{"line":182,"column":57},"end":{"line":182,"column":81}},"type":"binary-expr","locations":[{"start":{"line":182,"column":57},"end":{"line":182,"column":71}},{"start":{"line":182,"column":75},"end":{"line":182,"column":81}}]},"26":{"loc":{"start":{"line":183,"column":8},"end":{"line":208,"column":9}},"type":"if","locations":[{"start":{"line":183,"column":8},"end":{"line":208,"column":9}}]},"27":{"loc":{"start":{"line":186,"column":12},"end":{"line":188,"column":13}},"type":"if","locations":[{"start":{"line":186,"column":12},"end":{"line":188,"column":13}}]},"28":{"loc":{"start":{"line":191,"column":16},"end":{"line":191,"column":63}},"type":"if","locations":[{"start":{"line":191,"column":16},"end":{"line":191,"column":63}}]},"29":{"loc":{"start":{"line":191,"column":20},"end":{"line":191,"column":54}},"type":"binary-expr","locations":[{"start":{"line":191,"column":20},"end":{"line":191,"column":39}},{"start":{"line":191,"column":43},"end":{"line":191,"column":54}}]},"30":{"loc":{"start":{"line":197,"column":24},"end":{"line":197,"column":75}},"type":"if","locations":[{"start":{"line":197,"column":24},"end":{"line":197,"column":75}}]},"31":{"loc":{"start":{"line":197,"column":28},"end":{"line":197,"column":61}},"type":"binary-expr","locations":[{"start":{"line":197,"column":28},"end":{"line":197,"column":40}},{"start":{"line":197,"column":44},"end":{"line":197,"column":61}}]},"32":{"loc":{"start":{"line":238,"column":12},"end":{"line":238,"column":54}},"type":"cond-expr","locations":[{"start":{"line":238,"column":26},"end":{"line":238,"column":50}},{"start":{"line":238,"column":53},"end":{"line":238,"column":54}}]},"33":{"loc":{"start":{"line":244,"column":12},"end":{"line":244,"column":52}},"type":"cond-expr","locations":[{"start":{"line":244,"column":26},"end":{"line":244,"column":48}},{"start":{"line":244,"column":51},"end":{"line":244,"column":52}}]},"34":{"loc":{"start":{"line":250,"column":12},"end":{"line":255,"column":17}},"type":"cond-expr","locations":[{"start":{"line":250,"column":26},"end":{"line":255,"column":14}},{"start":{"line":255,"column":16},"end":{"line":255,"column":17}}]},"35":{"loc":{"start":{"line":254,"column":34},"end":{"line":254,"column":107}},"type":"cond-expr","locations":[{"start":{"line":254,"column":65},"end":{"line":254,"column":86}},{"start":{"line":254,"column":89},"end":{"line":254,"column":107}}]},"36":{"loc":{"start":{"line":263,"column":16},"end":{"line":263,"column":72}},"type":"cond-expr","locations":[{"start":{"line":263,"column":30},"end":{"line":263,"column":68}},{"start":{"line":263,"column":71},"end":{"line":263,"column":72}}]},"37":{"loc":{"start":{"line":276,"column":16},"end":{"line":276,"column":62}},"type":"cond-expr","locations":[{"start":{"line":276,"column":30},"end":{"line":276,"column":58}},{"start":{"line":276,"column":61},"end":{"line":276,"column":62}}]},"38":{"loc":{"start":{"line":289,"column":8},"end":{"line":289,"column":66}},"type":"if","locations":[{"start":{"line":289,"column":8},"end":{"line":289,"column":66}}]},"39":{"loc":{"start":{"line":290,"column":8},"end":{"line":290,"column":80}},"type":"if","locations":[{"start":{"line":290,"column":8},"end":{"line":290,"column":80}}]},"40":{"loc":{"start":{"line":293,"column":59},"end":{"line":293,"column":95}},"type":"cond-expr","locations":[{"start":{"line":293,"column":72},"end":{"line":293,"column":90}},{"start":{"line":293,"column":93},"end":{"line":293,"column":95}}]},"41":{"loc":{"start":{"line":296,"column":12},"end":{"line":296,"column":87}},"type":"if","locations":[{"start":{"line":296,"column":12},"end":{"line":296,"column":87}}]},"42":{"loc":{"start":{"line":297,"column":12},"end":{"line":297,"column":87}},"type":"if","locations":[{"start":{"line":297,"column":12},"end":{"line":297,"column":87}}]},"43":{"loc":{"start":{"line":298,"column":12},"end":{"line":298,"column":101}},"type":"if","locations":[{"start":{"line":298,"column":12},"end":{"line":298,"column":101}}]},"44":{"loc":{"start":{"line":301,"column":12},"end":{"line":356,"column":13}},"type":"switch","locations":[{"start":{"line":302,"column":16},"end":{"line":306,"column":26}},{"start":{"line":308,"column":16},"end":{"line":312,"column":26}},{"start":{"line":314,"column":16},"end":{"line":322,"column":26}},{"start":{"line":324,"column":16},"end":{"line":324,"column":30}},{"start":{"line":325,"column":16},"end":{"line":349,"column":26}},{"start":{"line":351,"column":16},"end":{"line":355,"column":26}}]},"45":{"loc":{"start":{"line":303,"column":20},"end":{"line":305,"column":21}},"type":"if","locations":[{"start":{"line":303,"column":20},"end":{"line":305,"column":21}}]},"46":{"loc":{"start":{"line":303,"column":24},"end":{"line":303,"column":74}},"type":"binary-expr","locations":[{"start":{"line":303,"column":24},"end":{"line":303,"column":41}},{"start":{"line":303,"column":45},"end":{"line":303,"column":74}}]},"47":{"loc":{"start":{"line":309,"column":20},"end":{"line":311,"column":21}},"type":"if","locations":[{"start":{"line":309,"column":20},"end":{"line":311,"column":21}}]},"48":{"loc":{"start":{"line":316,"column":24},"end":{"line":318,"column":25}},"type":"if","locations":[{"start":{"line":316,"column":24},"end":{"line":318,"column":25}}]},"49":{"loc":{"start":{"line":316,"column":28},"end":{"line":316,"column":103}},"type":"binary-expr","locations":[{"start":{"line":316,"column":28},"end":{"line":316,"column":51}},{"start":{"line":316,"column":55},"end":{"line":316,"column":103}}]},"50":{"loc":{"start":{"line":326,"column":20},"end":{"line":329,"column":21}},"type":"if","locations":[{"start":{"line":326,"column":20},"end":{"line":329,"column":21}}]},"51":{"loc":{"start":{"line":326,"column":24},"end":{"line":327,"column":69}},"type":"binary-expr","locations":[{"start":{"line":326,"column":24},"end":{"line":326,"column":44}},{"start":{"line":326,"column":48},"end":{"line":326,"column":68}},{"start":{"line":327,"column":24},"end":{"line":327,"column":69}}]},"52":{"loc":{"start":{"line":331,"column":20},"end":{"line":348,"column":21}},"type":"if","locations":[{"start":{"line":331,"column":20},"end":{"line":348,"column":21}}]},"53":{"loc":{"start":{"line":333,"column":24},"end":{"line":347,"column":25}},"type":"if","locations":[{"start":{"line":333,"column":24},"end":{"line":347,"column":25}},{"start":{"line":335,"column":31},"end":{"line":347,"column":25}}]},"54":{"loc":{"start":{"line":337,"column":28},"end":{"line":339,"column":29}},"type":"if","locations":[{"start":{"line":337,"column":28},"end":{"line":339,"column":29}}]},"55":{"loc":{"start":{"line":337,"column":32},"end":{"line":337,"column":90}},"type":"binary-expr","locations":[{"start":{"line":337,"column":32},"end":{"line":337,"column":52}},{"start":{"line":337,"column":56},"end":{"line":337,"column":90}}]},"56":{"loc":{"start":{"line":340,"column":28},"end":{"line":342,"column":29}},"type":"if","locations":[{"start":{"line":340,"column":28},"end":{"line":342,"column":29}}]},"57":{"loc":{"start":{"line":340,"column":32},"end":{"line":340,"column":90}},"type":"binary-expr","locations":[{"start":{"line":340,"column":32},"end":{"line":340,"column":52}},{"start":{"line":340,"column":56},"end":{"line":340,"column":90}}]},"58":{"loc":{"start":{"line":344,"column":28},"end":{"line":346,"column":29}},"type":"if","locations":[{"start":{"line":344,"column":28},"end":{"line":346,"column":29}}]},"59":{"loc":{"start":{"line":344,"column":32},"end":{"line":344,"column":89}},"type":"binary-expr","locations":[{"start":{"line":344,"column":32},"end":{"line":344,"column":56}},{"start":{"line":344,"column":60},"end":{"line":344,"column":89}}]},"60":{"loc":{"start":{"line":352,"column":20},"end":{"line":354,"column":21}},"type":"if","locations":[{"start":{"line":352,"column":20},"end":{"line":354,"column":21}}]},"61":{"loc":{"start":{"line":352,"column":24},"end":{"line":352,"column":101}},"type":"binary-expr","locations":[{"start":{"line":352,"column":24},"end":{"line":352,"column":44}},{"start":{"line":352,"column":48},"end":{"line":352,"column":72}},{"start":{"line":352,"column":76},"end":{"line":352,"column":101}}]},"62":{"loc":{"start":{"line":361,"column":8},"end":{"line":361,"column":57}},"type":"if","locations":[{"start":{"line":361,"column":8},"end":{"line":361,"column":57}}]},"63":{"loc":{"start":{"line":362,"column":8},"end":{"line":362,"column":71}},"type":"if","locations":[{"start":{"line":362,"column":8},"end":{"line":362,"column":71}}]},"64":{"loc":{"start":{"line":364,"column":12},"end":{"line":364,"column":85}},"type":"if","locations":[{"start":{"line":364,"column":12},"end":{"line":364,"column":85}}]},"65":{"loc":{"start":{"line":365,"column":12},"end":{"line":365,"column":85}},"type":"if","locations":[{"start":{"line":365,"column":12},"end":{"line":365,"column":85}}]},"66":{"loc":{"start":{"line":366,"column":12},"end":{"line":366,"column":92}},"type":"if","locations":[{"start":{"line":366,"column":12},"end":{"line":366,"column":92}}]},"67":{"loc":{"start":{"line":369,"column":12},"end":{"line":380,"column":13}},"type":"switch","locations":[{"start":{"line":370,"column":16},"end":{"line":374,"column":26}},{"start":{"line":375,"column":16},"end":{"line":379,"column":26}}]},"68":{"loc":{"start":{"line":371,"column":20},"end":{"line":373,"column":21}},"type":"if","locations":[{"start":{"line":371,"column":20},"end":{"line":373,"column":21}}]},"69":{"loc":{"start":{"line":371,"column":24},"end":{"line":371,"column":74}},"type":"binary-expr","locations":[{"start":{"line":371,"column":24},"end":{"line":371,"column":41}},{"start":{"line":371,"column":45},"end":{"line":371,"column":74}}]},"70":{"loc":{"start":{"line":376,"column":20},"end":{"line":378,"column":21}},"type":"if","locations":[{"start":{"line":376,"column":20},"end":{"line":378,"column":21}}]},"71":{"loc":{"start":{"line":376,"column":24},"end":{"line":376,"column":99}},"type":"binary-expr","locations":[{"start":{"line":376,"column":24},"end":{"line":376,"column":47}},{"start":{"line":376,"column":51},"end":{"line":376,"column":99}}]},"72":{"loc":{"start":{"line":389,"column":8},"end":{"line":389,"column":36}},"type":"if","locations":[{"start":{"line":389,"column":8},"end":{"line":389,"column":36}}]},"73":{"loc":{"start":{"line":402,"column":12},"end":{"line":411,"column":13}},"type":"if","locations":[{"start":{"line":402,"column":12},"end":{"line":411,"column":13}},{"start":{"line":404,"column":19},"end":{"line":411,"column":13}}]},"74":{"loc":{"start":{"line":406,"column":16},"end":{"line":410,"column":17}},"type":"if","locations":[{"start":{"line":406,"column":16},"end":{"line":410,"column":17}},{"start":{"line":408,"column":23},"end":{"line":410,"column":17}}]},"75":{"loc":{"start":{"line":418,"column":8},"end":{"line":421,"column":9}},"type":"if","locations":[{"start":{"line":418,"column":8},"end":{"line":421,"column":9}}]},"76":{"loc":{"start":{"line":418,"column":12},"end":{"line":418,"column":71}},"type":"binary-expr","locations":[{"start":{"line":418,"column":12},"end":{"line":418,"column":14}},{"start":{"line":418,"column":18},"end":{"line":418,"column":71}}]},"77":{"loc":{"start":{"line":438,"column":8},"end":{"line":476,"column":9}},"type":"if","locations":[{"start":{"line":438,"column":8},"end":{"line":476,"column":9}}]},"78":{"loc":{"start":{"line":440,"column":12},"end":{"line":460,"column":13}},"type":"if","locations":[{"start":{"line":440,"column":12},"end":{"line":460,"column":13}}]},"79":{"loc":{"start":{"line":468,"column":12},"end":{"line":468,"column":54}},"type":"if","locations":[{"start":{"line":468,"column":12},"end":{"line":468,"column":54}}]},"80":{"loc":{"start":{"line":469,"column":12},"end":{"line":469,"column":73}},"type":"if","locations":[{"start":{"line":469,"column":12},"end":{"line":469,"column":73}}]},"81":{"loc":{"start":{"line":471,"column":16},"end":{"line":471,"column":82}},"type":"if","locations":[{"start":{"line":471,"column":16},"end":{"line":471,"column":82}}]},"82":{"loc":{"start":{"line":472,"column":16},"end":{"line":472,"column":82}},"type":"if","locations":[{"start":{"line":472,"column":16},"end":{"line":472,"column":82}}]},"83":{"loc":{"start":{"line":473,"column":16},"end":{"line":473,"column":89}},"type":"if","locations":[{"start":{"line":473,"column":16},"end":{"line":473,"column":89}}]},"84":{"loc":{"start":{"line":481,"column":8},"end":{"line":579,"column":9}},"type":"switch","locations":[{"start":{"line":482,"column":12},"end":{"line":504,"column":18}},{"start":{"line":506,"column":12},"end":{"line":506,"column":26}},{"s
[...]
,"column":11}},"loc":{"start":{"line":39,"column":41},"end":{"line":44,"column":3}}},"3":{"name":"(anonymous_3)","decl":{"start":{"line":49,"column":2},"end":{"line":49,"column":7}},"loc":{"start":{"line":49,"column":39},"end":{"line":51,"column":3}}},"4":{"name":"(anonymous_4)","decl":{"start":{"line":56,"column":2},"end":{"line":56,"column":6}},"loc":{"start":{"line":56,"column":38},"end":{"line":58,"column":3}}},"5":{"name":"(anonymous_5)","decl":{"start":{"line":63,"column":2},"end":{"line":63,"column":6}},"loc":{"start":{"line":63,"column":38},"end":{"line":65,"column":3}}},"6":{"name":"(anonymous_6)","decl":{"start":{"line":70,"column":2},"end":{"line":70,"column":7}},"loc":{"start":{"line":70,"column":47},"end":{"line":75,"column":3}}},"7":{"name":"(anonymous_7)","decl":{"start":{"line":80,"column":10},"end":{"line":80,"column":13}},"loc":{"start":{"line":80,"column":62},"end":{"line":120,"column":3}}},"8":{"name":"(anonymous_8)","decl":{"start":{"line":115,"column":15},"end":{"line":115,"column":18}},"loc":{"start":{"line":115,"column":21},"end":{"line":118,"column":7}}},"9":{"name":"(anonymous_9)","decl":{"start":{"line":125,"column":10},"end":{"line":125,"column":15}},"loc":{"start":{"line":125,"column":43},"end":{"line":139,"column":3}}}},"branchMap":{"0":{"loc":{"start":{"line":4,"column":5},"end":{"line":4,"column":null}},"type":"binary-expr","locations":[{"start":{"line":4,"column":5},"end":{"line":4,"column":13}},{"start":{"line":4,"column":13},"end":{"line":4,"column":null}}]},"1":{"loc":{"start":{"line":25,"column":12},"end":{"line":25,"column":82}},"type":"cond-expr","locations":[{"start":{"line":25,"column":52},"end":{"line":25,"column":65}},{"start":{"line":25,"column":68},"end":{"line":25,"column":82}}]},"2":{"loc":{"start":{"line":71,"column":25},"end":{"line":71,"column":77}},"type":"cond-expr","locations":[{"start":{"line":71,"column":52},"end":{"line":71,"column":67}},{"start":{"line":71,"column":70},"end":{"line":71,"column":77}}]},"3":{"loc":{"start":{"line":72,"column":18},"end":{"line":72,"column":70}},"type":"cond-expr","locations":[{"start":{"line":72,"column":45},"end":{"line":72,"column":58}},{"start":{"line":72,"column":61},"end":{"line":72,"column":70}}]},"4":{"loc":{"start":{"line":74,"column":52},"end":{"line":74,"column":81}},"type":"cond-expr","locations":[{"start":{"line":74,"column":60},"end":{"line":74,"column":69}},{"start":{"line":74,"column":72},"end":{"line":74,"column":81}}]},"5":{"loc":{"start":{"line":82,"column":4},"end":{"line":84,"column":5}},"type":"if","locations":[{"start":{"line":82,"column":4},"end":{"line":84,"column":5}}]},"6":{"loc":{"start":{"line":91,"column":4},"end":{"line":106,"column":5}},"type":"if","locations":[{"start":{"line":91,"column":4},"end":{"line":106,"column":5}}]},"7":{"loc":{"start":{"line":92,"column":6},"end":{"line":105,"column":7}},"type":"switch","locations":[{"start":{"line":93,"column":8},"end":{"line":95,"column":16}},{"start":{"line":96,"column":8},"end":{"line":98,"column":16}},{"start":{"line":99,"column":8},"end":{"line":101,"column":16}},{"start":{"line":102,"column":8},"end":{"line":104,"column":16}}]},"8":{"loc":{"start":{"line":109,"column":4},"end":{"line":119,"column":5}},"type":"if","locations":[{"start":{"line":109,"column":4},"end":{"line":119,"column":5}}]},"9":{"loc":{"start":{"line":109,"column":8},"end":{"line":109,"column":76}},"type":"binary-expr","locations":[{"start":{"line":109,"column":8},"end":{"line":109,"column":39}},{"start":{"line":109,"column":43},"end":{"line":109,"column":76}}]},"10":{"loc":{"start":{"line":126,"column":4},"end":{"line":126,"column":51}},"type":"if","locations":[{"start":{"line":126,"column":4},"end":{"line":126,"column":51}}]}},"s":{"0":0,"1":0,"2":0,"3":0,"4":0,"5":0,"6":0,"7":0,"8":0,"9":0,"10":0,"11":0,"12":0,"13":0,"14":0,"15":0,"16":0,"17":0,"18":0,"19":0,"20":0,"21":0,"22":0,"23":0,"24":0,"25":0,"26":0,"27":0,"28":0,"29":0,"30":0,"31":0,"32":0,"33":0,"34":0,"35":0,"36":0,"37":0},"f":{"0":0,"1":0,"2":0,"3":0,"4":0,"5":0,"6":0,"7":0,"8":0,"9":0},"b":{"0":[0,0],"1":[0,0],"2":[0,0],"3":[0,0],"4":[0,0],"5":[0],"6":[0],"7":[0,0,0,0],"8":[0],"9":[0,0],"10":[0]}}
,"/home/bobbitt/projects/personal/forge2/web_app/src/services/toolSpecService.ts": {"path":"/home/bobbitt/projects/personal/forge2/web_app/src/services/toolSpecService.ts","statementMap":{"0":{"start":{"line":75,"column":0},"end":{"line":75,"column":16}},"1":{"start":{"line":147,"column":0},"end":{"line":147,"column":7}},"2":{"start":{"line":2,"column":0},"end":{"line":2,"column":36}},"3":{"start":{"line":5,"column":0},"end":{"line":5,"column":75}},"4":{"start":{"line":6,"column":0},"end":{"line":6,"column":77}},"5":{"start":{"line":7,"column":0},"end":{"line":7,"column":70}},"6":{"start":{"line":10,"column":33},"end":{"line":43,"column":1}},"7":{"start":{"line":12,"column":25},"end":{"line":12,"column":38}},"8":{"start":{"line":15,"column":36},"end":{"line":15,"column":38}},"9":{"start":{"line":17,"column":4},"end":{"line":31,"column":5}},"10":{"start":{"line":18,"column":8},"end":{"line":30,"column":11}},"11":{"start":{"line":19,"column":31},"end":{"line":20,"column":68}},"12":{"start":{"line":22,"column":12},"end":{"line":29,"column":15}},"13":{"start":{"line":34,"column":4},"end":{"line":42,"column":6}},"14":{"start":{"line":10,"column":13},"end":{"line":10,"column":33}},"15":{"start":{"line":46,"column":29},"end":{"line":70,"column":1}},"16":{"start":{"line":47,"column":4},"end":{"line":69,"column":5}},"17":{"start":{"line":49,"column":22},"end":{"line":53,"column":10}},"18":{"start":{"line":55,"column":44},"end":{"line":55,"column":46}},"19":{"start":{"line":58,"column":8},"end":{"line":63,"column":11}},"20":{"start":{"line":60,"column":12},"end":{"line":62,"column":13}},"21":{"start":{"line":61,"column":16},"end":{"line":61,"column":66}},"22":{"start":{"line":65,"column":8},"end":{"line":65,"column":21}},"23":{"start":{"line":67,"column":8},"end":{"line":67,"column":68}},"24":{"start":{"line":68,"column":8},"end":{"line":68,"column":18}},"25":{"start":{"line":46,"column":13},"end":{"line":46,"column":29}},"26":{"start":{"line":76,"column":4},"end":{"line":113,"column":5}},"27":{"start":{"line":78,"column":30},"end":{"line":78,"column":69}},"28":{"start":{"line":79,"column":35},"end":{"line":79,"column":113}},"29":{"start":{"line":81,"column":22},"end":{"line":81,"column":52}},"30":{"start":{"line":82,"column":8},"end":{"line":84,"column":9}},"31":{"start":{"line":83,"column":12},"end":{"line":83,"column":58}},"32":{"start":{"line":86,"column":8},"end":{"line":89,"column":9}},"33":{"start":{"line":87,"column":12},"end":{"line":87,"column":75}},"34":{"start":{"line":88,"column":12},"end":{"line":88,"column":24}},"35":{"start":{"line":91,"column":29},"end":{"line":91,"column":39}},"36":{"start":{"line":92,"column":29},"end":{"line":92,"column":45}},"37":{"start":{"line":95,"column":27},"end":{"line":95,"column":67}},"38":{"start":{"line":96,"column":23},"end":{"line":96,"column":25}},"39":{"start":{"line":99,"column":8},"end":{"line":104,"column":9}},"40":{"start":{"line":100,"column":12},"end":{"line":103,"column":15}},"41":{"start":{"line":106,"column":8},"end":{"line":109,"column":10}},"42":{"start":{"line":111,"column":8},"end":{"line":111,"column":66}},"43":{"start":{"line":112,"column":8},"end":{"line":112,"column":20}},"44":{"start":{"line":120,"column":4},"end":{"line":141,"column":5}},"45":{"start":{"line":122,"column":12},"end":{"line":122,"column":28}},"46":{"start":{"line":124,"column":12},"end":{"line":124,"column":28}},"47":{"start":{"line":126,"column":12},"end":{"line":126,"column":29}},"48":{"start":{"line":128,"column":12},"end":{"line":128,"column":28}},"49":{"start":{"line":130,"column":12},"end":{"line":130,"column":28}},"50":{"start":{"line":133,"column":12},"end":{"line":133,"column":27}},"51":{"start":{"line":135,"column":12},"end":{"line":135,"column":28}},"52":{"start":{"line":138,"column":12},"end":{"line":138,"column":29}},"53":{"start":{"line":140,"column":12},"end":{"line":140,"column":28}},"54":{"start":{"line":148,"column":4},"end":{"line":153,"column":5}},"55":{"start":{"line":149,"column":8},"end":{"line":149,"column":61}},"56":{"start":{"line":151,"column":8},"end":{"line":151,"column":62}},"57":{"start":{"line":152,"column":8},"end":{"line":152,"column":18}}},"fnMap":{"0":{"name":"(anonymous_1)","decl":{"start":{"line":10,"column":33},"end":{"line":10,"column":34}},"loc":{"start":{"line":10,"column":83},"end":{"line":43,"column":1}}},"1":{"name":"(anonymous_2)","decl":{"start":{"line":18,"column":67},"end":{"line":18,"column":68}},"loc":{"start":{"line":18,"column":117},"end":{"line":30,"column":9}}},"2":{"name":"(anonymous_3)","decl":{"start":{"line":46,"column":29},"end":{"line":46,"column":34}},"loc":{"start":{"line":46,"column":71},"end":{"line":70,"column":1}}},"3":{"name":"(anonymous_4)","decl":{"start":{"line":58,"column":22},"end":{"line":58,"column":23}},"loc":{"start":{"line":58,"column":49},"end":{"line":63,"column":9}}},"4":{"name":"parseFunctionSignature","decl":{"start":{"line":75,"column":16},"end":{"line":75,"column":38}},"loc":{"start":{"line":75,"column":56},"end":{"line":114,"column":1}}},"5":{"name":"mapTypeToSchema","decl":{"start":{"line":119,"column":9},"end":{"line":119,"column":24}},"loc":{"start":{"line":119,"column":39},"end":{"line":142,"column":1}}},"6":{"name":"generateDescription","decl":{"start":{"line":147,"column":22},"end":{"line":147,"column":41}},"loc":{"start":{"line":147,"column":59},"end":{"line":154,"column":1}}}},"branchMap":{"0":{"loc":{"start":{"line":17,"column":4},"end":{"line":31,"column":5}},"type":"if","locations":[{"start":{"line":17,"column":4},"end":{"line":31,"column":5}}]},"1":{"loc":{"start":{"line":17,"column":8},"end":{"line":17,"column":69}},"type":"binary-expr","locations":[{"start":{"line":17,"column":8},"end":{"line":17,"column":31}},{"start":{"line":17,"column":35},"end":{"line":17,"column":69}}]},"2":{"loc":{"start":{"line":19,"column":31},"end":{"line":20,"column":68}},"type":"binary-expr","locations":[{"start":{"line":19,"column":31},"end":{"line":19,"column":63}},{"start":{"line":20,"column":16},"end":{"line":20,"column":68}}]},"3":{"loc":{"start":{"line":25,"column":22},"end":{"line":25,"column":49}},"type":"binary-expr","locations":[{"start":{"line":25,"column":22},"end":{"line":25,"column":37}},{"start":{"line":25,"column":41},"end":{"line":25,"column":49}}]},"4":{"loc":{"start":{"line":26,"column":29},"end":{"line":26,"column":57}},"type":"binary-expr","locations":[{"start":{"line":26,"column":29},"end":{"line":26,"column":51}},{"start":{"line":26,"column":55},"end":{"line":26,"column":57}}]},"5":{"loc":{"start":{"line":37,"column":21},"end":{"line":37,"column":51}},"type":"binary-expr","locations":[{"start":{"line":37,"column":21},"end":{"line":37,"column":45}},{"start":{"line":37,"column":49},"end":{"line":37,"column":51}}]},"6":{"loc":{"start":{"line":60,"column":12},"end":{"line":62,"column":13}},"type":"if","locations":[{"start":{"line":60,"column":12},"end":{"line":62,"column":13}}]},"7":{"loc":{"start":{"line":60,"column":16},"end":{"line":60,"column":59}},"type":"binary-expr","locations":[{"start":{"line":60,"column":16},"end":{"line":60,"column":20}},{"start":{"line":60,"column":24},"end":{"line":60,"column":37}},{"start":{"line":60,"column":41},"end":{"line":60,"column":59}}]},"8":{"loc":{"start":{"line":82,"column":8},"end":{"line":84,"column":9}},"type":"if","locations":[{"start":{"line":82,"column":8},"end":{"line":84,"column":9}}]},"9":{"loc":{"start":{"line":86,"column":8},"end":{"line":89,"column":9}},"type":"if","locations":[{"start":{"line":86,"column":8},"end":{"line":89,"column":9}}]},"10":{"loc":{"start":{"line":92,"column":29},"end":{"line":92,"column":45}},"type":"binary-expr","locations":[{"start":{"line":92,"column":29},"end":{"line":92,"column":39}},{"start":{"line":92,"column":43},"end":{"line":92,"column":45}}]},"11":{"loc":{"start":{"line":120,"column":4},"end":{"line":141,"column":5}},"type":"switch","locations":[{"start":{"line":121,"column":8},"end":{"line":122,"column":28}},{"start":{"line":123,"column":8},"end":{"line":124,"column":28}},{"start":{"line":125,"column":8},"end":{"line":126,"column":29}},{"start":{"line":127,"column":8},"end":{"line":128,"column":28}},{"start":{"line":129,"column":8},"end":{"line":130,"column":28}},{"start":{"line":131,"column":8},"end":{"line":131,"column":21}},{"start":{"line":132,"column":8},"end":{"line":133,"column":27}},{"start":{"line":134,"column":8},"end":{"line":135,"column":28}},{"start":{"line":136,"column":8},"end":{"line":136,"column":19}},{"start":{"line":137,"column":8},"end":{"line":138,"column":29}},{"start":{"line":139,"column":8},"end":{"line":140,"column":28}}]}},"s":{"0":0,"1":0,"2":0,"3":0,"4":0,"5":0,"6":0,"7":0,"8":0,"9":0,"10":0,"11":0,"12":0,"13":0,"14":0,"15":0,"16":0,"17":0,"18":0,"19":0,"20":0,"21":0,"22":0,"23":0,"24":0,"25":0,"26":0,"27":0,"28":0,"29":0,"30":0,"31":0,"32":0,"33":0,"34":0,"35":0,"36":0,"37":0,"38":0,"39":0,"40":0,"41":0,"42":0,"43":0,"44":0,"45":0,"46":0,"47":0,"48":0,"49":0,"50":0,"51":0,"52":0,"53":0,"54":0,"55":0,"56":0,"57":0},"f":{"0":0,"1":0,"2":0,"3":0,"4":0,"5":0,"6":0},"b":{"0":[0],"1":[0,0],"2":[0,0],"3":[0,0],"4":[0,0],"5":[0,0],"6":[0],"7":[0,0,0],"8":[0],"9":[0],"10":[0,0],"11":[0,0,0,0,0,0,0,0,0,0,0]}}
,"/home/bobbitt/projects/personal/forge2/web_app/src/store/toolStore.ts": {"path":"/home/bobbitt/projects/personal/forge2/web_app/src/store/toolStore.ts","statementMap":{"0":{"start":{"line":1,"column":0},"end":{"line":1,"column":33}},"1":{"start":{"line":2,"column":0},"end":{"line":2,"column":46}},"2":{"start":{"line":42,"column":43},"end":{"line":42,"column":45}},"3":{"start":{"line":58,"column":13},"end":{"line":184,"column":4}},"4":{"start":{"line":58,"column":63},"end":{"line":184,"column":2}},"5":{"start":{"line":66,"column":8},"end":{"line":90,"column":9}},"6":{"start":{"line":67,"column":12},"end":{"line":67,"column":50}},"7":{"start":{"line":68,"column":33},"end":{"line":68,"column":56}},"8":{"start":{"line":69,"column":12},"end":{"line":74,"column":15}},"9":{"start":{"line":76,"column":12},"end":{"line":76,"column":58}},"10":{"start":{"line":77,"column":31},"end":{"line":77,"column":55}},"11":{"start":{"line":78,"column":12},"end":{"line":84,"column":13}},"12":{"start":{"line":79,"column":16},"end":{"line":79,"column":46}},"13":{"start":{"line":80,"column":19},"end":{"line":84,"column":13}},"14":{"start":{"line":81,"column":16},"end":{"line":81,"column":38}},"15":{"start":{"line":83,"column":16},"end":{"line":83,"column":48}},"16":{"start":{"line":85,"column":12},"end":{"line":89,"column":15}},"17":{"start":{"line":95,"column":8},"end":{"line":95,"column":42}},"18":{"start":{"line":100,"column":8},"end":{"line":100,"column":31}},"19":{"start":{"line":105,"column":8},"end":{"line":124,"column":9}},"20":{"start":{"line":107,"column":28},"end":{"line":110,"column":14}},"21":{"start":{"line":113,"column":12},"end":{"line":118,"column":16}},"22":{"start":{"line":113,"column":28},"end":{"line":118,"column":14}},"23":{"start":{"line":120,"column":12},"end":{"line":120,"column":30}},"24":{"start":{"line":122,"column":12},"end":{"line":122,"column":59}},"25":{"start":{"line":123,"column":12},"end":{"line":123,"column":24}},"26":{"start":{"line":129,"column":8},"end":{"line":148,"column":9}},"27":{"start":{"line":131,"column":28},"end":{"line":134,"column":14}},"28":{"start":{"line":137,"column":12},"end":{"line":144,"column":15}},"29":{"start":{"line":138,"column":16},"end":{"line":143,"column":18}},"30":{"start":{"line":146,"column":12},"end":{"line":146,"column":59}},"31":{"start":{"line":147,"column":12},"end":{"line":147,"column":24}},"32":{"start":{"line":153,"column":8},"end":{"line":166,"column":9}},"33":{"start":{"line":155,"column":12},"end":{"line":155,"column":38}},"34":{"start":{"line":158,"column":12},"end":{"line":162,"column":15}},"35":{"start":{"line":159,"column":33},"end":{"line":159,"column":51}},"36":{"start":{"line":160,"column":16},"end":{"line":160,"column":36}},"37":{"start":{"line":161,"column":16},"end":{"line":161,"column":43}},"38":{"start":{"line":164,"column":12},"end":{"line":164,"column":59}},"39":{"start":{"line":165,"column":12},"end":{"line":165,"column":24}},"40":{"start":{"line":171,"column":22},"end":{"line":171,"column":48}},"41":{"start":{"line":172,"column":20},"end":{"line":172,"column":30}},"42":{"start":{"line":173,"column":30},"end":{"line":173,"column":71}},"43":{"start":{"line":175,"column":8},"end":{"line":182,"column":10}},"44":{"start":{"line":177,"column":48},"end":{"line":177,"column":72}},"45":{"start":{"line":179,"column":37},"end":{"line":179,"column":64}},"46":{"start":{"line":180,"column":16},"end":{"line":180,"column":53}}},"fnMap":{"0":{"name":"(anonymous_1)","decl":{"start":{"line":58,"column":48},"end":{"line":58,"column":49}},"loc":{"start":{"line":58,"column":63},"end":{"line":184,"column":2}}},"1":{"name":"(anonymous_2)","decl":{"start":{"line":65,"column":28},"end":{"line":65,"column":33}},"loc":{"start":{"line":65,"column":39},"end":{"line":91,"column":5}}},"2":{"name":"(anonymous_3)","decl":{"start":{"line":94,"column":17},"end":{"line":94,"column":20}},"loc":{"start":{"line":94,"column":22},"end":{"line":96,"column":5}}},"3":{"name":"(anonymous_4)","decl":{"start":{"line":99,"column":17},"end":{"line":99,"column":18}},"loc":{"start":{"line":99,"column":32},"end":{"line":101,"column":5}}},"4":{"name":"(anonymous_5)","decl":{"start":{"line":104,"column":13},"end":{"line":104,"column":18}},"loc":{"start":{"line":104,"column":28},"end":{"line":125,"column":5}}},"5":{"name":"(anonymous_6)","decl":{"start":{"line":113,"column":16},"end":{"line":113,"column":17}},"loc":{"start":{"line":113,"column":28},"end":{"line":118,"column":14}}},"6":{"name":"(anonymous_7)","decl":{"start":{"line":128,"column":16},"end":{"line":128,"column":21}},"loc":{"start":{"line":128,"column":42},"end":{"line":149,"column":5}}},"7":{"name":"(anonymous_8)","decl":{"start":{"line":137,"column":16},"end":{"line":137,"column":17}},"loc":{"start":{"line":137,"column":26},"end":{"line":144,"column":13}}},"8":{"name":"(anonymous_9)","decl":{"start":{"line":152,"column":16},"end":{"line":152,"column":21}},"loc":{"start":{"line":152,"column":29},"end":{"line":167,"column":5}}},"9":{"name":"(anonymous_10)","decl":{"start":{"line":158,"column":16},"end":{"line":158,"column":17}},"loc":{"start":{"line":158,"column":26},"end":{"line":162,"column":13}}},"10":{"name":"(anonymous_11)","decl":{"start":{"line":170,"column":14},"end":{"line":170,"column":17}},"loc":{"start":{"line":170,"column":19},"end":{"line":183,"column":5}}},"11":{"name":"(anonymous_12)","decl":{"start":{"line":177,"column":38},"end":{"line":177,"column":39}},"loc":{"start":{"line":177,"column":48},"end":{"line":177,"column":72}}},"12":{"name":"(anonymous_13)","decl":{"start":{"line":178,"column":42},"end":{"line":178,"column":43}},"loc":{"start":{"line":178,"column":51},"end":{"line":181,"column":13}}}},"branchMap":{"0":{"loc":{"start":{"line":78,"column":12},"end":{"line":84,"column":13}},"type":"if","locations":[{"start":{"line":78,"column":12},"end":{"line":84,"column":13}},{"start":{"line":80,"column":19},"end":{"line":84,"column":13}}]},"1":{"loc":{"start":{"line":80,"column":19},"end":{"line":84,"column":13}},"type":"if","locations":[{"start":{"line":80,"column":19},"end":{"line":84,"column":13}},{"start":{"line":82,"column":19},"end":{"line":84,"column":13}}]}},"s":{"0":1,"1":1,"2":1,"3":1,"4":1,"5":2,"6":2,"7":2,"8":1,"9":1,"10":1,"11":1,"12":1,"13":0,"14":0,"15":0,"16":1,"17":1,"18":0,"19":1,"20":1,"21":1,"22":1,"23":1,"24":0,"25":0,"26":1,"27":1,"28":1,"29":1,"30":0,"31":0,"32":1,"33":1,"34":1,"35":1,"36":1,"37":1,"38":0,"39":0,"40":0,"41":0,"42":0,"43":0,"44":0,"45":0,"46":0},"f":{"0":1,"1":2,"2":1,"3":0,"4":1,"5":1,"6":1,"7":1,"8":1,"9":1,"10":0,"11":0,"12":0},"b":{"0":[1,0],"1":[0,0]}}
}
