TN:
SF:src/App.tsx
FN:19,App
FN:20,(anonymous_2)
FN:21,(anonymous_3)
FN:22,(anonymous_4)
FN:23,(anonymous_5)
FN:26,(anonymous_6)
FN:28,(anonymous_7)
FNF:7
FNH:0
FNDA:0,App
FNDA:0,(anonymous_2)
FNDA:0,(anonymous_3)
FNDA:0,(anonymous_4)
FNDA:0,(anonymous_5)
FNDA:0,(anonymous_6)
FNDA:0,(anonymous_7)
DA:1,0
DA:2,0
DA:3,0
DA:4,0
DA:5,0
DA:6,0
DA:7,0
DA:8,0
DA:9,0
DA:10,0
DA:11,0
DA:12,0
DA:13,0
DA:14,0
DA:15,0
DA:16,0
DA:17,0
DA:20,0
DA:21,0
DA:22,0
DA:23,0
DA:26,0
DA:27,0
DA:28,0
DA:29,0
DA:34,0
DA:114,0
LF:27
LH:0
BRDA:27,0,0,0
BRDA:39,1,0,0
BRDA:39,1,1,0
BRDA:45,2,0,0
BRDA:45,2,1,0
BRDA:45,2,2,0
BRF:6
BRH:0
end_of_record
TN:
SF:src/components/AppLayout.tsx
FN:19,AppLayout
FN:26,(anonymous_1)
FN:27,(anonymous_2)
FN:32,(anonymous_3)
FN:35,(anonymous_4)
FN:39,(anonymous_5)
FN:58,(anonymous_6)
FN:66,(anonymous_7)
FN:126,(anonymous_8)
FNF:9
FNH:0
FNDA:0,AppLayout
FNDA:0,(anonymous_1)
FNDA:0,(anonymous_2)
FNDA:0,(anonymous_3)
FNDA:0,(anonymous_4)
FNDA:0,(anonymous_5)
FNDA:0,(anonymous_6)
FNDA:0,(anonymous_7)
FNDA:0,(anonymous_8)
DA:1,0
DA:2,0
DA:3,0
DA:4,0
DA:5,0
DA:6,0
DA:7,0
DA:10,0
DA:19,0
DA:20,0
DA:21,0
DA:22,0
DA:23,0
DA:24,0
DA:26,0
DA:27,0
DA:28,0
DA:31,0
DA:32,0
DA:35,0
DA:36,0
DA:39,0
DA:40,0
DA:41,0
DA:44,0
DA:51,0
DA:59,0
DA:66,0
DA:98,0
DA:126,0
LF:30
LH:0
BRDA:36,0,0,0
BRDA:36,0,1,0
BRDA:64,1,0,0
BRDA:64,1,1,0
BRDA:86,2,0,0
BRDA:86,2,1,0
BRDA:89,3,0,0
BRDA:89,3,1,0
BRDA:101,4,0,0
BRDA:101,4,1,0
BRDA:113,5,0,0
BRDA:113,5,1,0
BRDA:125,6,0,0
BRDA:125,6,1,0
BRDA:141,7,0,0
BRDA:141,7,1,0
BRF:16
BRH:0
end_of_record
TN:
SF:src/components/ArrayItemConfig.tsx
FN:25,ArrayItemConfig
FN:39,(anonymous_1)
FN:69,(anonymous_2)
FN:83,(anonymous_3)
FN:96,(anonymous_4)
FNF:5
FNH:0
FNDA:0,ArrayItemConfig
FNDA:0,(anonymous_1)
FNDA:0,(anonymous_2)
FNDA:0,(anonymous_3)
FNDA:0,(anonymous_4)
DA:1,1
DA:2,1
DA:9,1
DA:10,1
DA:23,1
DA:25,1
DA:31,0
DA:32,0
DA:33,0
DA:39,0
DA:40,0
DA:42,0
DA:43,0
DA:44,0
DA:46,0
DA:50,0
DA:57,0
DA:70,0
DA:83,0
DA:96,0
DA:110,1
LF:21
LH:7
BRDA:31,0,0,0
BRDA:31,0,1,0
BRDA:32,1,0,0
BRDA:32,1,1,0
BRDA:34,2,0,0
BRDA:34,2,1,0
BRDA:34,3,0,0
BRDA:34,3,1,0
BRDA:42,4,0,0
BRDA:90,5,0,0
BRDA:90,5,1,0
BRF:11
BRH:0
end_of_record
TN:
SF:src/components/Dashboard.tsx
FN:29,Dashboard
FN:60,(anonymous_1)
FNF:2
FNH:0
FNDA:0,Dashboard
FNDA:0,(anonymous_1)
DA:1,0
DA:2,0
DA:3,0
DA:5,0
DA:29,0
DA:30,0
DA:40,0
DA:45,0
DA:61,0
LF:9
LH:0
BRF:0
BRH:0
end_of_record
TN:
SF:src/components/ErrorBoundary.tsx
FN:16,(anonymous_0)
FN:36,(anonymous_1)
FN:24,(anonymous_2)
FN:31,(anonymous_3)
FN:43,(anonymous_4)
FNF:5
FNH:0
FNDA:0,(anonymous_0)
FNDA:0,(anonymous_1)
FNDA:0,(anonymous_2)
FNDA:0,(anonymous_3)
FNDA:0,(anonymous_4)
DA:1,0
DA:2,0
DA:3,0
DA:17,0
DA:18,0
DA:25,0
DA:33,0
DA:36,0
DA:37,0
DA:44,0
DA:45,0
DA:46,0
DA:49,0
DA:61,0
DA:65,0
LF:15
LH:0
BRDA:44,0,0,0
BRDA:45,1,0,0
BRDA:54,2,0,0
BRDA:54,2,1,0
BRF:4
BRH:0
end_of_record
TN:
SF:src/components/ParameterDependency.tsx
FN:28,ParameterDependency
FN:37,(anonymous_1)
FN:39,(anonymous_2)
FN:51,(anonymous_3)
FN:52,(anonymous_4)
FN:57,(anonymous_5)
FN:58,(anonymous_6)
FN:65,(anonymous_7)
FN:70,(anonymous_8)
FN:81,(anonymous_9)
FN:82,(anonymous_10)
FN:98,(anonymous_11)
FN:109,(anonymous_12)
FN:110,(anonymous_13)
FN:118,(anonymous_14)
FN:134,(anonymous_15)
FN:162,(anonymous_16)
FN:167,(anonymous_17)
FN:173,(anonymous_18)
FN:185,(anonymous_19)
FN:195,(anonymous_20)
FN:213,(anonymous_21)
FN:226,(anonymous_22)
FNF:23
FNH:0
FNDA:0,ParameterDependency
FNDA:0,(anonymous_1)
FNDA:0,(anonymous_2)
FNDA:0,(anonymous_3)
FNDA:0,(anonymous_4)
FNDA:0,(anonymous_5)
FNDA:0,(anonymous_6)
FNDA:0,(anonymous_7)
FNDA:0,(anonymous_8)
FNDA:0,(anonymous_9)
FNDA:0,(anonymous_10)
FNDA:0,(anonymous_11)
FNDA:0,(anonymous_12)
FNDA:0,(anonymous_13)
FNDA:0,(anonymous_14)
FNDA:0,(anonymous_15)
FNDA:0,(anonymous_16)
FNDA:0,(anonymous_17)
FNDA:0,(anonymous_18)
FNDA:0,(anonymous_19)
FNDA:0,(anonymous_20)
FNDA:0,(anonymous_21)
FNDA:0,(anonymous_22)
DA:1,1
DA:2,1
DA:3,1
DA:4,1
DA:5,1
DA:13,1
DA:28,1
DA:29,0
DA:32,0
DA:37,0
DA:39,0
DA:40,0
DA:46,0
DA:47,0
DA:48,0
DA:51,0
DA:52,0
DA:53,0
DA:54,0
DA:57,0
DA:58,0
DA:59,0
DA:61,0
DA:62,0
DA:65,0
DA:66,0
DA:67,0
DA:70,0
DA:71,0
DA:72,0
DA:74,0
DA:81,0
DA:82,0
DA:83,0
DA:85,0
DA:88,0
DA:90,0
DA:92,0
DA:94,0
DA:98,0
DA:99,0
DA:106,0
DA:109,0
DA:110,0
DA:111,0
DA:113,0
DA:115,0
DA:118,0
DA:130,0
DA:134,0
DA:141,0
DA:163,0
DA:167,0
DA:174,0
DA:185,0
DA:196,0
DA:213,0
DA:226,0
DA:244,1
LF:59
LH:8
BRDA:30,0,0,0
BRDA:30,0,1,0
BRDA:33,1,0,0
BRDA:33,1,1,0
BRDA:42,2,0,0
BRDA:42,2,1,0
BRDA:59,3,0,0
BRDA:59,3,1,0
BRDA:71,4,0,0
BRDA:71,4,1,0
BRDA:83,5,0,0
BRDA:85,6,0,0
BRDA:85,6,1,0
BRDA:85,6,2,0
BRDA:85,6,3,0
BRDA:85,6,4,0
BRDA:106,7,0,0
BRDA:106,7,1,0
BRDA:111,8,0,0
BRDA:113,9,0,0
BRDA:113,9,1,0
BRDA:132,10,0,0
BRDA:132,10,1,0
BRDA:132,11,0,0
BRDA:132,11,1,0
BRDA:157,12,0,0
BRDA:157,12,1,0
BRDA:175,13,0,0
BRDA:175,13,1,0
BRF:29
BRH:0
end_of_record
TN:
SF:src/components/ToolEditor.tsx
FN:30,ToolEditor
FN:33,(anonymous_2)
FN:34,(anonymous_3)
FN:35,(anonymous_4)
FN:36,(anonymous_5)
FN:53,(anonymous_6)
FN:87,(anonymous_7)
FN:88,(anonymous_8)
FN:95,(anonymous_9)
FN:110,(anonymous_10)
FN:120,(anonymous_11)
FN:175,(anonymous_12)
FN:176,(anonymous_13)
FN:182,(anonymous_14)
FN:190,(anonymous_15)
FN:194,(anonymous_16)
FN:196,(anonymous_17)
FN:213,(anonymous_18)
FN:236,(anonymous_19)
FN:237,(anonymous_20)
FN:242,(anonymous_21)
FN:243,(anonymous_22)
FN:248,(anonymous_23)
FN:249,(anonymous_24)
FN:259,(anonymous_25)
FN:262,(anonymous_26)
FN:271,(anonymous_27)
FN:274,(anonymous_28)
FN:274,(anonymous_29)
FN:275,(anonymous_30)
FN:283,(anonymous_31)
FN:284,(anonymous_32)
FN:287,(anonymous_33)
FN:292,(anonymous_34)
FN:363,(anonymous_35)
FN:388,(anonymous_36)
FN:417,(anonymous_37)
FN:424,(anonymous_38)
FN:428,(anonymous_39)
FN:434,(anonymous_40)
FN:443,(anonymous_41)
FN:470,(anonymous_42)
FN:480,(anonymous_43)
FN:488,(anonymous_44)
FN:516,(anonymous_45)
FN:526,(anonymous_46)
FN:540,(anonymous_47)
FN:555,(anonymous_48)
FN:566,(anonymous_49)
FN:623,(anonymous_50)
FN:654,(anonymous_51)
FN:666,(anonymous_52)
FN:701,(anonymous_53)
FN:705,(anonymous_54)
FN:731,(anonymous_55)
FN:743,(anonymous_56)
FN:751,(anonymous_57)
FN:769,(anonymous_58)
FN:782,(anonymous_59)
FN:800,(anonymous_60)
FN:812,(anonymous_61)
FN:821,(anonymous_62)
FNF:62
FNH:24
FNDA:19,ToolEditor
FNDA:0,(anonymous_2)
FNDA:0,(anonymous_3)
FNDA:0,(anonymous_4)
FNDA:0,(anonymous_5)
FNDA:4,(anonymous_6)
FNDA:0,(anonymous_7)
FNDA:0,(anonymous_8)
FNDA:0,(anonymous_9)
FNDA:13,(anonymous_10)
FNDA:4,(anonymous_11)
FNDA:4,(anonymous_12)
FNDA:2,(anonymous_13)
FNDA:4,(anonymous_14)
FNDA:0,(anonymous_15)
FNDA:0,(anonymous_16)
FNDA:0,(anonymous_17)
FNDA:1,(anonymous_18)
FNDA:2,(anonymous_19)
FNDA:2,(anonymous_20)
FNDA:0,(anonymous_21)
FNDA:0,(anonymous_22)
FNDA:0,(anonymous_23)
FNDA:0,(anonymous_24)
FNDA:0,(anonymous_25)
FNDA:0,(anonymous_26)
FNDA:0,(anonymous_27)
FNDA:0,(anonymous_28)
FNDA:0,(anonymous_29)
FNDA:0,(anonymous_30)
FNDA:0,(anonymous_31)
FNDA:0,(anonymous_32)
FNDA:1,(anonymous_33)
FNDA:1,(anonymous_34)
FNDA:1,(anonymous_35)
FNDA:1,(anonymous_36)
FNDA:0,(anonymous_37)
FNDA:0,(anonymous_38)
FNDA:0,(anonymous_39)
FNDA:1,(anonymous_40)
FNDA:1,(anonymous_41)
FNDA:1,(anonymous_42)
FNDA:16,(anonymous_43)
FNDA:0,(anonymous_44)
FNDA:0,(anonymous_45)
FNDA:0,(anonymous_46)
FNDA:0,(anonymous_47)
FNDA:0,(anonymous_48)
FNDA:0,(anonymous_49)
FNDA:0,(anonymous_50)
FNDA:1,(anonymous_51)
FNDA:1,(anonymous_52)
FNDA:16,(anonymous_53)
FNDA:0,(anonymous_54)
FNDA:1,(anonymous_55)
FNDA:0,(anonymous_56)
FNDA:112,(anonymous_57)
FNDA:1,(anonymous_58)
FNDA:0,(anonymous_59)
FNDA:0,(anonymous_60)
FNDA:0,(anonymous_61)
FNDA:0,(anonymous_62)
DA:1,1
DA:2,1
DA:3,1
DA:4,1
DA:5,1
DA:6,1
DA:7,1
DA:8,1
DA:9,1
DA:10,1
DA:11,1
DA:12,1
DA:13,1
DA:14,1
DA:15,1
DA:17,1
DA:20,1
DA:30,1
DA:31,19
DA:32,19
DA:33,19
DA:34,19
DA:35,19
DA:36,19
DA:39,19
DA:40,19
DA:41,19
DA:42,19
DA:43,19
DA:44,19
DA:45,19
DA:46,19
DA:47,19
DA:50,19
DA:53,19
DA:54,4
DA:55,0
DA:56,0
DA:57,0
DA:58,0
DA:59,0
DA:60,0
DA:64,4
DA:87,19
DA:88,0
DA:95,19
DA:96,0
DA:98,0
DA:100,0
DA:102,0
DA:104,0
DA:106,0
DA:110,19
DA:111,13
DA:113,4
DA:121,4
DA:123,2
DA:129,2
DA:130,0
DA:134,2
DA:135,0
DA:136,0
DA:140,2
DA:141,0
DA:143,2
DA:144,0
DA:148,2
DA:149,0
DA:153,2
DA:154,0
DA:160,0
DA:161,0
DA:166,2
DA:167,0
DA:170,2
DA:172,4
DA:175,4
DA:176,2
DA:182,4
DA:183,4
DA:185,0
DA:186,0
DA:187,0
DA:190,0
DA:191,0
DA:193,0
DA:196,0
DA:197,0
DA:199,0
DA:210,4
DA:213,19
DA:214,1
DA:236,19
DA:237,2
DA:238,2
DA:242,19
DA:243,0
DA:244,0
DA:248,19
DA:249,0
DA:250,0
DA:259,19
DA:260,0
DA:261,0
DA:262,0
DA:263,0
DA:267,0
DA:271,19
DA:272,0
DA:274,0
DA:275,0
DA:276,0
DA:279,0
DA:283,19
DA:284,0
DA:287,19
DA:288,1
DA:289,1
DA:290,1
DA:292,1
DA:293,1
DA:296,1
DA:297,1
DA:298,1
DA:301,1
DA:303,0
DA:304,0
DA:306,0
DA:309,0
DA:310,0
DA:312,0
DA:315,0
DA:316,0
DA:317,0
DA:320,0
DA:322,0
DA:326,0
DA:328,0
DA:331,0
DA:332,0
DA:333,0
DA:334,0
DA:337,0
DA:338,0
DA:340,0
DA:341,0
DA:344,0
DA:345,0
DA:349,0
DA:352,0
DA:353,0
DA:355,0
DA:360,1
DA:361,1
DA:362,1
DA:363,1
DA:364,1
DA:365,1
DA:366,1
DA:369,1
DA:371,0
DA:372,0
DA:374,0
DA:376,0
DA:377,0
DA:379,0
DA:383,1
DA:384,1
DA:385,1
DA:388,19
DA:389,1
DA:391,1
DA:401,1
DA:402,0
DA:404,1
DA:405,1
DA:406,0
DA:407,0
DA:409,0
DA:412,1
DA:417,19
DA:418,0
DA:419,0
DA:420,0
DA:424,19
DA:425,0
DA:426,0
DA:427,0
DA:428,0
DA:430,0
DA:434,19
DA:435,1
DA:436,1
DA:438,1
DA:439,1
DA:440,1
DA:441,1
DA:442,1
DA:443,1
DA:461,1
DA:462,1
DA:464,1
DA:465,1
DA:467,1
DA:468,1
DA:469,1
DA:470,1
DA:471,1
DA:472,1
DA:473,1
DA:475,1
DA:480,19
DA:481,16
DA:483,16
DA:488,0
DA:508,0
DA:516,0
DA:526,0
DA:534,0
DA:540,0
DA:550,0
DA:555,0
DA:560,0
DA:566,0
DA:578,0
DA:582,19
DA:624,0
DA:654,1
DA:666,1
DA:702,16
DA:705,0
DA:732,1
DA:744,0
DA:752,112
DA:770,1
DA:783,0
DA:800,0
DA:812,0
DA:821,0
LF:239
LH:129
BRDA:54,0,0,0
BRDA:54,0,1,4
BRDA:56,1,0,0
BRDA:96,2,0,0
BRDA:98,3,0,0
BRDA:98,3,1,0
BRDA:98,3,2,0
BRDA:98,3,3,0
BRDA:111,4,0,9
BRDA:121,5,0,2
BRDA:124,6,0,0
BRDA:124,6,1,2
BRDA:129,7,0,0
BRDA:129,8,0,2
BRDA:129,8,1,0
BRDA:129,8,2,0
BRDA:129,8,3,0
BRDA:134,9,0,0
BRDA:134,10,0,2
BRDA:134,10,1,0
BRDA:134,10,2,0
BRDA:140,11,0,0
BRDA:140,12,0,2
BRDA:140,12,1,2
BRDA:140,12,2,0
BRDA:143,13,0,0
BRDA:143,14,0,2
BRDA:143,14,1,2
BRDA:143,14,2,0
BRDA:148,15,0,0
BRDA:149,16,0,0
BRDA:149,16,1,0
BRDA:153,17,0,0
BRDA:155,18,0,0
BRDA:155,18,1,0
BRDA:156,19,0,0
BRDA:156,19,1,0
BRDA:160,20,0,0
BRDA:160,21,0,0
BRDA:160,21,1,0
BRDA:166,22,0,0
BRDA:166,23,0,2
BRDA:166,23,1,0
BRDA:175,24,0,4
BRDA:175,24,1,4
BRDA:182,25,0,4
BRDA:182,25,1,0
BRDA:183,26,0,0
BRDA:186,27,0,0
BRDA:191,28,0,0
BRDA:191,29,0,0
BRDA:191,29,1,0
BRDA:197,30,0,0
BRDA:197,31,0,0
BRDA:197,31,1,0
BRDA:238,32,0,2
BRDA:238,32,1,0
BRDA:244,33,0,0
BRDA:244,33,1,0
BRDA:250,34,0,0
BRDA:250,34,1,0
BRDA:254,35,0,0
BRDA:254,35,1,0
BRDA:263,36,0,0
BRDA:263,36,1,0
BRDA:276,37,0,0
BRDA:276,37,1,0
BRDA:289,38,0,0
BRDA:290,39,0,0
BRDA:293,40,0,1
BRDA:293,40,1,0
BRDA:296,41,0,0
BRDA:297,42,0,0
BRDA:298,43,0,0
BRDA:301,44,0,0
BRDA:301,44,1,0
BRDA:301,44,2,0
BRDA:301,44,3,0
BRDA:301,44,4,0
BRDA:301,44,5,0
BRDA:303,45,0,0
BRDA:303,46,0,0
BRDA:303,46,1,0
BRDA:309,47,0,0
BRDA:316,48,0,0
BRDA:316,49,0,0
BRDA:316,49,1,0
BRDA:326,50,0,0
BRDA:326,51,0,0
BRDA:326,51,1,0
BRDA:326,51,2,0
BRDA:331,52,0,0
BRDA:333,53,0,0
BRDA:333,53,1,0
BRDA:337,54,0,0
BRDA:337,55,0,0
BRDA:337,55,1,0
BRDA:340,56,0,0
BRDA:340,57,0,0
BRDA:340,57,1,0
BRDA:344,58,0,0
BRDA:344,59,0,0
BRDA:344,59,1,0
BRDA:352,60,0,0
BRDA:352,61,0,0
BRDA:352,61,1,0
BRDA:352,61,2,0
BRDA:361,62,0,0
BRDA:362,63,0,0
BRDA:364,64,0,0
BRDA:365,65,0,0
BRDA:366,66,0,0
BRDA:369,67,0,0
BRDA:369,67,1,0
BRDA:371,68,0,0
BRDA:371,69,0,0
BRDA:371,69,1,0
BRDA:376,70,0,0
BRDA:376,71,0,0
BRDA:376,71,1,0
BRDA:389,72,0,0
BRDA:401,73,0,0
BRDA:401,73,1,1
BRDA:406,74,0,0
BRDA:406,74,1,0
BRDA:418,75,0,0
BRDA:418,76,0,0
BRDA:418,76,1,0
BRDA:438,77,0,1
BRDA:440,78,0,1
BRDA:468,79,0,1
BRDA:469,80,0,0
BRDA:471,81,0,1
BRDA:472,82,0,0
BRDA:473,83,0,1
BRDA:481,84,0,16
BRDA:481,84,1,0
BRDA:481,84,2,0
BRDA:481,84,3,0
BRDA:481,84,4,0
BRDA:481,84,5,0
BRDA:481,84,6,0
BRDA:487,85,0,16
BRDA:487,85,1,16
BRDA:539,86,0,0
BRDA:539,86,1,0
BRDA:552,87,0,0
BRDA:552,87,1,0
BRDA:553,88,0,0
BRDA:553,88,1,0
BRDA:565,89,0,0
BRDA:565,89,1,0
BRDA:597,90,0,0
BRDA:597,90,1,19
BRDA:605,91,0,19
BRDA:605,91,1,0
BRDA:615,92,0,19
BRDA:615,92,1,8
BRDA:619,93,0,19
BRDA:619,93,1,0
BRDA:655,94,0,0
BRDA:655,94,1,19
BRDA:667,95,0,0
BRDA:667,95,1,19
BRDA:711,96,0,16
BRDA:711,96,1,11
BRDA:715,97,0,0
BRDA:715,97,1,16
BRDA:735,98,0,0
BRDA:735,98,1,16
BRDA:773,99,0,0
BRDA:773,99,1,16
BRDA:799,100,0,16
BRDA:799,100,1,16
BRDA:815,101,0,16
BRDA:815,101,1,2
BRDA:853,102,0,0
BRDA:853,102,1,19
BRDA:859,103,0,19
BRDA:859,103,1,11
BRF:180
BRH:44
end_of_record
TN:
SF:src/components/ToolList.tsx
FN:15,ToolList
FN:16,(anonymous_1)
FN:17,(anonymous_2)
FN:18,(anonymous_3)
FN:19,(anonymous_4)
FN:22,(anonymous_5)
FN:28,(anonymous_6)
FN:76,(anonymous_7)
FN:94,(anonymous_8)
FNF:9
FNH:0
FNDA:0,ToolList
FNDA:0,(anonymous_1)
FNDA:0,(anonymous_2)
FNDA:0,(anonymous_3)
FNDA:0,(anonymous_4)
FNDA:0,(anonymous_5)
FNDA:0,(anonymous_6)
FNDA:0,(anonymous_7)
FNDA:0,(anonymous_8)
DA:1,0
DA:2,0
DA:3,0
DA:4,0
DA:5,0
DA:6,0
DA:7,0
DA:8,0
DA:9,0
DA:15,0
DA:16,0
DA:17,0
DA:18,0
DA:19,0
DA:20,0
DA:22,0
DA:23,0
DA:24,0
DA:28,0
DA:29,0
DA:34,0
DA:44,0
DA:49,0
DA:76,0
DA:95,0
LF:25
LH:0
BRDA:15,0,0,0
BRDA:23,1,0,0
BRDA:29,2,0,0
BRDA:29,2,1,0
BRDA:29,2,2,0
BRDA:52,3,0,0
BRDA:52,3,1,0
BRDA:81,4,0,0
BRDA:81,4,1,0
BRDA:136,5,0,0
BRDA:136,5,1,0
BRDA:147,6,0,0
BRDA:147,6,1,0
BRF:13
BRH:0
end_of_record
TN:
SF:src/components/ToolSchemaVisualizer.tsx
FN:4,ToolSchemaVisualizer
FN:5,(anonymous_1)
FN:20,(anonymous_2)
FN:22,(anonymous_3)
FN:36,(anonymous_4)
FNF:5
FNH:0
FNDA:0,ToolSchemaVisualizer
FNDA:0,(anonymous_1)
FNDA:0,(anonymous_2)
FNDA:0,(anonymous_3)
FNDA:0,(anonymous_4)
DA:1,0
DA:2,0
DA:4,0
DA:5,0
DA:20,0
DA:21,0
DA:23,0
DA:31,0
DA:36,0
LF:9
LH:0
BRDA:24,0,0,0
BRDA:24,0,1,0
BRDA:25,1,0,0
BRDA:25,1,1,0
BRDA:34,2,0,0
BRDA:34,2,1,0
BRF:6
BRH:0
end_of_record
TN:
SF:src/components/ToolTester.tsx
FN:28,(anonymous_0)
FN:35,(anonymous_1)
FN:70,(anonymous_2)
FN:79,(anonymous_3)
FN:80,(anonymous_4)
FN:87,(anonymous_5)
FN:117,(anonymous_6)
FN:126,(anonymous_7)
FN:129,(anonymous_8)
FN:144,(anonymous_9)
FN:154,(anonymous_10)
FN:164,(anonymous_11)
FN:174,(anonymous_12)
FN:185,(anonymous_13)
FN:199,(anonymous_14)
FN:213,(anonymous_15)
FN:223,(anonymous_16)
FN:250,(anonymous_17)
FN:280,(anonymous_18)
FN:299,(anonymous_19)
FN:306,(anonymous_20)
FN:331,(anonymous_21)
FN:387,(anonymous_22)
FNF:23
FNH:10
FNDA:21,(anonymous_0)
FNDA:4,(anonymous_1)
FNDA:4,(anonymous_2)
FNDA:2,(anonymous_3)
FNDA:2,(anonymous_4)
FNDA:1,(anonymous_5)
FNDA:13,(anonymous_6)
FNDA:0,(anonymous_7)
FNDA:0,(anonymous_8)
FNDA:0,(anonymous_9)
FNDA:0,(anonymous_10)
FNDA:0,(anonymous_11)
FNDA:0,(anonymous_12)
FNDA:2,(anonymous_13)
FNDA:0,(anonymous_14)
FNDA:0,(anonymous_15)
FNDA:0,(anonymous_16)
FNDA:0,(anonymous_17)
FNDA:0,(anonymous_18)
FNDA:0,(anonymous_19)
FNDA:21,(anonymous_20)
FNDA:0,(anonymous_21)
FNDA:13,(anonymous_22)
DA:1,2
DA:2,2
DA:3,2
DA:4,2
DA:28,2
DA:29,21
DA:30,21
DA:31,21
DA:32,21
DA:35,21
DA:36,4
DA:37,0
DA:40,4
DA:41,4
DA:42,4
DA:43,0
DA:45,4
DA:47,4
DA:48,4
DA:50,0
DA:51,0
DA:53,0
DA:54,0
DA:56,0
DA:57,0
DA:59,0
DA:60,0
DA:62,0
DA:66,4
DA:70,21
DA:71,4
DA:72,4
DA:73,4
DA:75,4
DA:79,21
DA:80,2
DA:87,21
DA:88,1
DA:90,1
DA:91,1
DA:92,1
DA:103,0
DA:104,0
DA:106,1
DA:107,1
DA:112,1
DA:117,21
DA:118,13
DA:120,13
DA:121,0
DA:126,0
DA:130,0
DA:137,13
DA:138,0
DA:144,0
DA:147,13
DA:148,0
DA:154,0
DA:157,13
DA:158,0
DA:164,0
DA:167,13
DA:168,0
DA:174,0
DA:179,13
DA:185,2
DA:190,0
DA:199,0
DA:204,0
DA:213,0
DA:218,0
DA:223,0
DA:231,0
DA:232,0
DA:233,0
DA:236,0
DA:237,0
DA:238,0
DA:240,0
DA:243,0
DA:251,0
DA:252,0
DA:253,0
DA:267,0
DA:268,0
DA:269,0
DA:271,0
DA:274,0
DA:281,0
DA:282,0
DA:283,0
DA:293,0
DA:299,0
DA:306,21
DA:307,21
DA:309,1
DA:332,0
DA:350,21
DA:351,0
DA:354,21
DA:388,13
DA:389,13
DA:431,2
LF:103
LH:50
BRDA:28,0,0,21
BRDA:28,1,0,13
BRDA:36,2,0,0
BRDA:36,3,0,4
BRDA:36,3,1,4
BRDA:36,3,2,4
BRDA:36,3,3,4
BRDA:42,4,0,0
BRDA:42,4,1,4
BRDA:45,5,0,4
BRDA:45,5,1,0
BRDA:45,5,2,0
BRDA:45,5,3,0
BRDA:45,5,4,0
BRDA:45,5,5,0
BRDA:71,6,0,4
BRDA:88,7,0,0
BRDA:109,8,0,1
BRDA:109,8,1,0
BRDA:118,9,0,13
BRDA:118,9,1,0
BRDA:118,9,2,0
BRDA:118,9,3,0
BRDA:118,9,4,0
BRDA:118,9,5,0
BRDA:118,9,6,0
BRDA:120,10,0,0
BRDA:120,11,0,13
BRDA:120,11,1,0
BRDA:123,12,0,0
BRDA:123,12,1,0
BRDA:125,13,0,0
BRDA:125,13,1,0
BRDA:125,13,2,0
BRDA:137,14,0,0
BRDA:137,14,1,13
BRDA:141,15,0,0
BRDA:141,15,1,0
BRDA:143,16,0,0
BRDA:143,16,1,0
BRDA:147,17,0,0
BRDA:147,17,1,13
BRDA:151,18,0,0
BRDA:151,18,1,0
BRDA:153,19,0,0
BRDA:153,19,1,0
BRDA:157,20,0,0
BRDA:157,20,1,13
BRDA:161,21,0,0
BRDA:161,21,1,0
BRDA:163,22,0,0
BRDA:163,22,1,0
BRDA:167,23,0,0
BRDA:171,24,0,0
BRDA:171,24,1,0
BRDA:173,25,0,0
BRDA:173,25,1,0
BRDA:182,26,0,13
BRDA:182,26,1,0
BRDA:184,27,0,13
BRDA:184,27,1,9
BRDA:194,28,0,0
BRDA:194,28,1,0
BRDA:195,29,0,0
BRDA:195,29,1,0
BRDA:196,30,0,0
BRDA:196,30,1,0
BRDA:198,31,0,0
BRDA:198,31,1,0
BRDA:208,32,0,0
BRDA:208,32,1,0
BRDA:209,33,0,0
BRDA:209,33,1,0
BRDA:210,34,0,0
BRDA:210,34,1,0
BRDA:212,35,0,0
BRDA:212,35,1,0
BRDA:220,36,0,0
BRDA:220,36,1,0
BRDA:222,37,0,0
BRDA:222,37,1,0
BRDA:232,38,0,0
BRDA:232,39,0,0
BRDA:232,39,1,0
BRDA:238,40,0,0
BRDA:238,40,1,0
BRDA:246,41,0,0
BRDA:246,41,1,0
BRDA:253,42,0,0
BRDA:253,42,1,0
BRDA:269,43,0,0
BRDA:269,43,1,0
BRDA:276,44,0,0
BRDA:276,44,1,0
BRDA:283,45,0,0
BRDA:283,45,1,0
BRDA:296,46,0,0
BRDA:296,46,1,0
BRDA:298,47,0,0
BRDA:298,47,1,0
BRDA:307,48,0,20
BRDA:312,49,0,0
BRDA:312,49,1,1
BRDA:327,50,0,1
BRDA:327,50,1,0
BRDA:338,51,0,1
BRDA:338,51,1,0
BRDA:338,51,2,0
BRDA:350,52,0,0
BRDA:374,53,0,21
BRDA:374,53,1,13
BRDA:377,54,0,13
BRDA:377,54,1,13
BRDA:385,55,0,13
BRDA:385,55,1,0
BRDA:385,56,0,13
BRDA:385,56,1,13
BRDA:394,57,0,13
BRDA:394,57,1,13
BRDA:397,58,0,13
BRDA:397,58,1,0
BRDA:421,59,0,1
BRDA:421,59,1,20
BRF:123
BRH:34
end_of_record
TN:
SF:src/components/layout/footer.tsx
FN:4,Footer
FNF:1
FNH:0
FNDA:0,Footer
DA:1,0
DA:2,0
DA:4,0
DA:5,0
LF:4
LH:0
BRF:0
BRH:0
end_of_record
TN:
SF:src/components/layout/main-layout.tsx
FN:9,MainLayout
FNF:1
FNH:0
FNDA:0,MainLayout
DA:2,0
DA:3,0
DA:9,0
DA:10,0
LF:4
LH:0
BRF:0
BRH:0
end_of_record
TN:
SF:src/components/layout/navbar.tsx
FN:7,Navbar
FN:18,(anonymous_1)
FN:35,(anonymous_2)
FN:58,(anonymous_3)
FN:68,(anonymous_4)
FN:76,(anonymous_5)
FN:84,(anonymous_6)
FNF:7
FNH:0
FNDA:0,Navbar
FNDA:0,(anonymous_1)
FNDA:0,(anonymous_2)
FNDA:0,(anonymous_3)
FNDA:0,(anonymous_4)
FNDA:0,(anonymous_5)
FNDA:0,(anonymous_6)
DA:1,0
DA:2,0
DA:3,0
DA:4,0
DA:5,0
DA:7,0
DA:8,0
DA:9,0
DA:11,0
DA:18,0
DA:19,0
DA:20,0
DA:23,0
DA:36,0
DA:58,0
DA:69,0
DA:76,0
DA:84,0
LF:18
LH:0
BRDA:19,0,0,0
BRDA:41,1,0,0
BRDA:41,1,1,0
BRDA:60,2,0,0
BRDA:60,2,1,0
BRDA:66,3,0,0
BRDA:66,3,1,0
BRDA:74,4,0,0
BRDA:74,4,1,0
BRF:9
BRH:0
end_of_record
TN:
SF:src/components/ui/accordion.tsx
FN:14,(anonymous_9)
FN:26,(anonymous_10)
FN:46,(anonymous_11)
FNF:3
FNH:0
FNDA:0,(anonymous_9)
FNDA:0,(anonymous_10)
FNDA:0,(anonymous_11)
DA:3,0
DA:4,0
DA:5,0
DA:7,0
DA:9,0
DA:11,0
DA:15,0
DA:21,0
DA:23,0
DA:27,0
DA:41,0
DA:43,0
DA:47,0
DA:56,0
DA:58,0
LF:15
LH:0
BRF:0
BRH:0
end_of_record
TN:
SF:src/components/ui/badge.tsx
FN:12,Badge
FNF:1
FNH:0
FNDA:0,Badge
DA:1,0
DA:2,0
DA:4,0
DA:13,0
DA:18,0
LF:5
LH:0
BRF:0
BRH:0
end_of_record
TN:
SF:src/components/ui/badgeVariants.ts
FNF:0
FNH:0
DA:2,0
DA:4,0
DA:19,0
LF:3
LH:0
BRF:0
BRH:0
end_of_record
TN:
SF:src/components/ui/button.tsx
FN:41,(anonymous_9)
FNF:1
FNH:1
FNDA:121,(anonymous_9)
DA:1,2
DA:2,2
DA:3,2
DA:5,2
DA:40,2
DA:42,121
DA:51,2
DA:53,2
LF:8
LH:8
BRF:0
BRH:0
end_of_record
TN:
SF:src/components/ui/card.tsx
FN:7,(anonymous_9)
FN:20,(anonymous_10)
FN:33,(anonymous_11)
FN:46,(anonymous_12)
FN:59,(anonymous_13)
FN:68,(anonymous_14)
FNF:6
FNH:0
FNDA:0,(anonymous_9)
FNDA:0,(anonymous_10)
FNDA:0,(anonymous_11)
FNDA:0,(anonymous_12)
FNDA:0,(anonymous_13)
FNDA:0,(anonymous_14)
DA:1,0
DA:2,0
DA:6,0
DA:8,0
DA:15,0
DA:19,0
DA:21,0
DA:28,0
DA:32,0
DA:34,0
DA:41,0
DA:45,0
DA:47,0
DA:54,0
DA:58,0
DA:60,0
DA:63,0
DA:67,0
DA:69,0
DA:76,0
DA:78,0
LF:21
LH:0
BRF:0
BRH:0
end_of_record
TN:
SF:src/components/ui/collapsible.tsx
FN:13,(anonymous_9)
FNF:1
FNH:1
FNDA:16,(anonymous_9)
DA:3,1
DA:4,1
DA:6,1
DA:8,1
DA:10,1
DA:14,16
DA:22,1
DA:24,1
LF:8
LH:8
BRF:0
BRH:0
end_of_record
TN:
SF:src/components/ui/dialog.tsx
FN:18,(anonymous_9)
FN:33,(anonymous_10)
FN:54,(anonymous_11)
FN:68,(anonymous_12)
FN:85,(anonymous_13)
FN:100,(anonymous_14)
FNF:6
FNH:4
FNDA:12,(anonymous_9)
FNDA:21,(anonymous_10)
FNDA:8,(anonymous_11)
FNDA:0,(anonymous_12)
FNDA:8,(anonymous_13)
FNDA:0,(anonymous_14)
DA:3,2
DA:4,2
DA:5,2
DA:7,2
DA:9,2
DA:11,2
DA:13,2
DA:15,2
DA:19,12
DA:28,2
DA:30,2
DA:34,21
DA:52,2
DA:54,2
DA:58,8
DA:66,2
DA:68,2
DA:72,0
DA:80,2
DA:82,2
DA:86,8
DA:95,2
DA:97,2
DA:101,0
DA:107,2
DA:110,2
LF:26
LH:24
BRF:0
BRH:0
end_of_record
TN:
SF:src/components/ui/input.tsx
FN:5,(anonymous_9)
FNF:1
FNH:1
FNDA:51,(anonymous_9)
DA:1,1
DA:2,1
DA:4,1
DA:6,51
DA:19,1
DA:21,1
LF:6
LH:6
BRF:0
BRH:0
end_of_record
TN:
SF:src/components/ui/label.tsx
FN:16,(anonymous_9)
FNF:1
FNH:1
FNDA:159,(anonymous_9)
DA:3,1
DA:4,1
DA:5,1
DA:6,1
DA:8,1
DA:12,1
DA:17,159
DA:23,1
DA:25,1
LF:9
LH:9
BRF:0
BRH:0
end_of_record
TN:
SF:src/components/ui/loading-spinner.tsx
FN:8,LoadingSpinner
FNF:1
FNH:0
FNDA:0,LoadingSpinner
DA:1,0
DA:8,0
DA:9,0
DA:15,0
LF:4
LH:0
BRDA:8,0,0,0
BRF:1
BRH:0
end_of_record
TN:
SF:src/components/ui/select.tsx
FN:18,(anonymous_9)
FN:38,(anonymous_10)
FN:68,(anonymous_11)
FN:80,(anonymous_12)
FN:102,(anonymous_13)
FNF:5
FNH:3
FNDA:35,(anonymous_9)
FNDA:35,(anonymous_10)
FNDA:0,(anonymous_11)
FNDA:188,(anonymous_12)
FNDA:0,(anonymous_13)
DA:3,1
DA:4,1
DA:5,1
DA:7,1
DA:9,1
DA:11,1
DA:13,1
DA:15,1
DA:19,35
DA:33,1
DA:35,1
DA:39,35
DA:63,1
DA:65,1
DA:69,0
DA:75,1
DA:77,1
DA:81,188
DA:97,1
DA:99,1
DA:103,0
DA:109,1
DA:112,1
LF:23
LH:21
BRDA:38,0,0,35
BRDA:44,1,0,35
BRDA:44,1,1,35
BRDA:54,2,0,35
BRDA:54,2,1,35
BRF:5
BRH:5
end_of_record
TN:
SF:src/components/ui/sheet.tsx
FN:21,(anonymous_9)
FN:61,(anonymous_10)
FN:81,(anonymous_11)
FN:95,(anonymous_12)
FN:112,(anonymous_13)
FN:124,(anonymous_14)
FNF:6
FNH:0
FNDA:0,(anonymous_9)
FNDA:0,(anonymous_10)
FNDA:0,(anonymous_11)
FNDA:0,(anonymous_12)
FNDA:0,(anonymous_13)
FNDA:0,(anonymous_14)
DA:3,0
DA:4,0
DA:5,0
DA:6,0
DA:8,0
DA:10,0
DA:12,0
DA:14,0
DA:16,0
DA:18,0
DA:22,0
DA:31,0
DA:33,0
DA:58,0
DA:62,0
DA:79,0
DA:81,0
DA:85,0
DA:93,0
DA:95,0
DA:99,0
DA:107,0
DA:109,0
DA:113,0
DA:119,0
DA:121,0
DA:125,0
DA:131,0
DA:134,0
DA:135,0
DA:136,0
DA:137,0
DA:138,0
DA:139,0
DA:140,0
DA:141,0
DA:142,0
DA:143,0
LF:38
LH:0
BRDA:61,0,0,0
BRDA:61,1,0,0
BRDA:70,2,0,0
BRDA:70,2,1,0
BRF:4
BRH:0
end_of_record
TN:
SF:src/components/ui/switch.tsx
FN:10,(anonymous_9)
FNF:1
FNH:1
FNDA:16,(anonymous_9)
DA:3,1
DA:4,1
DA:5,1
DA:7,1
DA:11,16
DA:26,1
DA:28,1
LF:7
LH:7
BRF:0
BRH:0
end_of_record
TN:
SF:src/components/ui/table.tsx
FN:7,(anonymous_9)
FN:21,(anonymous_10)
FN:29,(anonymous_11)
FN:41,(anonymous_12)
FN:56,(anonymous_13)
FN:71,(anonymous_14)
FN:86,(anonymous_15)
FN:98,(anonymous_16)
FNF:8
FNH:0
FNDA:0,(anonymous_9)
FNDA:0,(anonymous_10)
FNDA:0,(anonymous_11)
FNDA:0,(anonymous_12)
FNDA:0,(anonymous_13)
FNDA:0,(anonymous_14)
FNDA:0,(anonymous_15)
FNDA:0,(anonymous_16)
DA:1,0
DA:2,0
DA:4,0
DA:8,0
DA:16,0
DA:18,0
DA:22,0
DA:24,0
DA:26,0
DA:30,0
DA:36,0
DA:38,0
DA:42,0
DA:51,0
DA:53,0
DA:57,0
DA:66,0
DA:68,0
DA:72,0
DA:81,0
DA:83,0
DA:87,0
DA:93,0
DA:95,0
DA:99,0
DA:105,0
DA:108,0
DA:109,0
LF:28
LH:0
BRF:0
BRH:0
end_of_record
TN:
SF:src/components/ui/textarea.tsx
FN:5,(anonymous_9)
FNF:1
FNH:1
FNDA:19,(anonymous_9)
DA:1,1
DA:2,1
DA:4,1
DA:6,19
DA:18,1
DA:20,1
LF:6
LH:6
BRF:0
BRH:0
end_of_record
TN:
SF:src/components/ui/theme-provider.tsx
FN:22,ThemeProvider
FN:29,(anonymous_10)
FN:32,(anonymous_11)
FN:52,(anonymous_12)
FN:65,(anonymous_13)
FNF:5
FNH:0
FNDA:0,ThemeProvider
FNDA:0,(anonymous_10)
FNDA:0,(anonymous_11)
FNDA:0,(anonymous_12)
FNDA:0,(anonymous_13)
DA:4,0
DA:5,0
DA:20,0
DA:22,0
DA:28,0
DA:29,0
DA:32,0
DA:33,0
DA:35,0
DA:37,0
DA:38,0
DA:43,0
DA:44,0
DA:47,0
DA:50,0
DA:53,0
DA:54,0
DA:58,0
DA:65,0
DA:66,0
DA:68,0
DA:69,0
DA:71,0
LF:23
LH:0
BRDA:24,0,0,0
BRDA:25,1,0,0
BRDA:29,2,0,0
BRDA:29,2,1,0
BRDA:37,3,0,0
BRDA:38,4,0,0
BRDA:38,4,1,0
BRDA:68,5,0,0
BRF:8
BRH:0
end_of_record
TN:
SF:src/lib/utils.ts
FN:4,cn
FNF:1
FNH:1
FNDA:724,cn
DA:1,2
DA:2,2
DA:4,2
DA:5,724
LF:4
LH:4
BRF:0
BRH:0
end_of_record
TN:
SF:src/pages/ArmoryPage.tsx
FN:6,ArmoryPage
FN:7,(anonymous_1)
FN:12,(anonymous_2)
FN:50,(anonymous_3)
FN:57,(anonymous_4)
FN:99,(anonymous_5)
FN:106,(anonymous_6)
FN:172,(anonymous_7)
FN:173,(anonymous_8)
FN:209,(anonymous_9)
FNF:10
FNH:0
FNDA:0,ArmoryPage
FNDA:0,(anonymous_1)
FNDA:0,(anonymous_2)
FNDA:0,(anonymous_3)
FNDA:0,(anonymous_4)
FNDA:0,(anonymous_5)
FNDA:0,(anonymous_6)
FNDA:0,(anonymous_7)
FNDA:0,(anonymous_8)
FNDA:0,(anonymous_9)
DA:1,0
DA:2,0
DA:3,0
DA:4,0
DA:6,0
DA:7,0
DA:8,0
DA:9,0
DA:12,0
DA:13,0
DA:14,0
DA:15,0
DA:17,0
DA:18,0
DA:22,0
DA:24,0
DA:51,0
DA:58,0
DA:59,0
DA:100,0
DA:106,0
DA:172,0
DA:174,0
DA:209,0
LF:24
LH:0
BRDA:13,0,0,0
BRDA:13,0,1,0
BRDA:14,1,0,0
BRDA:53,2,0,0
BRDA:53,2,1,0
BRDA:67,3,0,0
BRDA:67,3,1,0
BRDA:86,4,0,0
BRDA:86,4,1,0
BRDA:90,5,0,0
BRDA:90,5,1,0
BRDA:102,6,0,0
BRDA:102,6,1,0
BRDA:118,7,0,0
BRDA:118,7,1,0
BRDA:162,8,0,0
BRDA:162,8,1,0
BRDA:183,9,0,0
BRDA:183,9,1,0
BRDA:190,10,0,0
BRDA:190,10,1,0
BRDA:195,11,0,0
BRDA:195,11,1,0
BRDA:202,12,0,0
BRDA:202,12,1,0
BRDA:209,13,0,0
BRDA:209,13,1,0
BRDA:209,14,0,0
BRDA:209,14,1,0
BRDA:222,15,0,0
BRDA:222,15,1,0
BRDA:226,16,0,0
BRDA:226,16,1,0
BRF:33
BRH:0
end_of_record
TN:
SF:src/pages/Dashboard.tsx
FN:8,Dashboard
FN:9,(anonymous_1)
FN:10,(anonymous_2)
FN:11,(anonymous_3)
FN:13,(anonymous_4)
FNF:5
FNH:0
FNDA:0,Dashboard
FNDA:0,(anonymous_1)
FNDA:0,(anonymous_2)
FNDA:0,(anonymous_3)
FNDA:0,(anonymous_4)
DA:1,0
DA:3,0
DA:5,0
DA:8,0
DA:9,0
DA:10,0
DA:11,0
DA:13,0
DA:14,0
DA:15,0
DA:19,0
DA:21,0
LF:12
LH:0
BRDA:14,0,0,0
BRDA:52,1,0,0
BRDA:52,1,1,0
BRF:3
BRH:0
end_of_record
TN:
SF:src/pages/Documentation.tsx
FN:5,Documentation
FNF:1
FNH:0
FNDA:0,Documentation
DA:1,0
DA:2,0
DA:3,0
DA:5,0
DA:6,0
LF:5
LH:0
BRF:0
BRH:0
end_of_record
TN:
SF:src/pages/HomePage.tsx
FN:7,HomePage
FN:72,(anonymous_1)
FNF:2
FNH:0
FNDA:0,HomePage
FNDA:0,(anonymous_1)
DA:1,0
DA:2,0
DA:3,0
DA:4,0
DA:5,0
DA:7,0
DA:8,0
DA:18,0
DA:23,0
DA:73,0
LF:10
LH:0
BRF:0
BRH:0
end_of_record
TN:
SF:src/pages/Privacy.tsx
FN:5,Privacy
FNF:1
FNH:0
FNDA:0,Privacy
DA:1,0
DA:2,0
DA:3,0
DA:5,0
DA:6,0
LF:5
LH:0
BRF:0
BRH:0
end_of_record
TN:
SF:src/pages/Support.tsx
FN:6,Support
FNF:1
FNH:0
FNDA:0,Support
DA:1,0
DA:2,0
DA:3,0
DA:4,0
DA:6,0
DA:7,0
LF:6
LH:0
BRF:0
BRH:0
end_of_record
TN:
SF:src/pages/Terms.tsx
FN:5,Terms
FNF:1
FNH:0
FNDA:0,Terms
DA:1,0
DA:2,0
DA:3,0
DA:5,0
DA:6,0
LF:5
LH:0
BRF:0
BRH:0
end_of_record
TN:
SF:src/pages/ToolsPage.tsx
FN:6,ToolsPage
FNF:1
FNH:0
FNDA:0,ToolsPage
DA:1,0
DA:2,0
DA:3,0
DA:4,0
DA:6,0
DA:7,0
LF:6
LH:0
BRF:0
BRH:0
end_of_record
TN:
SF:src/services/api.ts
FN:3,(anonymous_0)
FNF:1
FNH:0
FNDA:0,(anonymous_0)
DA:1,0
DA:3,0
DA:4,0
DA:5,0
DA:16,0
DA:17,0
DA:20,0
DA:22,0
DA:23,0
LF:9
LH:0
BRDA:16,0,0,0
BRF:1
BRH:0
end_of_record
TN:
SF:src/services/apiService.ts
FN:8,fetchWithErrorHandling
FN:22,(anonymous_1)
FN:49,(anonymous_2)
FN:56,(anonymous_3)
FN:63,(anonymous_4)
FN:73,(anonymous_5)
FN:83,(anonymous_6)
FN:92,(anonymous_7)
FN:102,(anonymous_8)
FN:112,(anonymous_9)
FNF:10
FNH:0
FNDA:0,fetchWithErrorHandling
FNDA:0,(anonymous_1)
FNDA:0,(anonymous_2)
FNDA:0,(anonymous_3)
FNDA:0,(anonymous_4)
FNDA:0,(anonymous_5)
FNDA:0,(anonymous_6)
FNDA:0,(anonymous_7)
FNDA:0,(anonymous_8)
FNDA:0,(anonymous_9)
DA:3,0
DA:12,0
DA:13,0
DA:21,0
DA:22,0
DA:24,0
DA:27,0
DA:31,0
DA:32,0
DA:35,0
DA:37,0
DA:38,0
DA:39,0
DA:41,0
DA:45,0
DA:50,0
DA:57,0
DA:64,0
DA:74,0
DA:84,0
DA:93,0
DA:103,0
DA:113,0
DA:118,0
DA:122,0
LF:25
LH:0
BRDA:3,0,0,0
BRDA:3,0,1,0
BRDA:10,1,0,0
BRDA:17,2,0,0
BRDA:17,2,1,0
BRDA:21,3,0,0
BRDA:24,4,0,0
BRDA:24,4,1,0
BRDA:31,5,0,0
BRDA:37,6,0,0
BRF:10
BRH:0
end_of_record
TN:
SF:src/services/logService.ts
FN:4,(anonymous_0)
FN:33,(anonymous_1)
FN:39,(anonymous_2)
FN:49,(anonymous_3)
FN:56,(anonymous_4)
FN:63,(anonymous_5)
FN:70,(anonymous_6)
FN:80,(anonymous_7)
FN:115,(anonymous_8)
FN:125,(anonymous_9)
FNF:10
FNH:0
FNDA:0,(anonymous_0)
FNDA:0,(anonymous_1)
FNDA:0,(anonymous_2)
FNDA:0,(anonymous_3)
FNDA:0,(anonymous_4)
FNDA:0,(anonymous_5)
FNDA:0,(anonymous_6)
FNDA:0,(anonymous_7)
FNDA:0,(anonymous_8)
FNDA:0,(anonymous_9)
DA:4,0
DA:5,0
DA:6,0
DA:7,0
DA:8,0
DA:24,0
DA:34,0
DA:40,0
DA:50,0
DA:57,0
DA:64,0
DA:71,0
DA:72,0
DA:74,0
DA:82,0
DA:83,0
DA:86,0
DA:87,0
DA:88,0
DA:91,0
DA:92,0
DA:94,0
DA:95,0
DA:97,0
DA:98,0
DA:100,0
DA:101,0
DA:103,0
DA:104,0
DA:109,0
DA:110,0
DA:117,0
DA:126,0
DA:128,0
DA:129,0
DA:143,0
DA:144,0
LF:37
LH:0
BRDA:4,0,0,0
BRDA:4,0,1,0
BRDA:25,1,0,0
BRDA:25,1,1,0
BRDA:71,2,0,0
BRDA:71,2,1,0
BRDA:72,3,0,0
BRDA:72,3,1,0
BRDA:74,4,0,0
BRDA:74,4,1,0
BRDA:82,5,0,0
BRDA:91,6,0,0
BRDA:92,7,0,0
BRDA:92,7,1,0
BRDA:92,7,2,0
BRDA:92,7,3,0
BRDA:109,8,0,0
BRDA:109,9,0,0
BRDA:109,9,1,0
BRDA:126,10,0,0
BRF:20
BRH:0
end_of_record
TN:
SF:src/services/toolSpecService.ts
FN:10,(anonymous_1)
FN:18,(anonymous_2)
FN:46,(anonymous_3)
FN:58,(anonymous_4)
FN:75,parseFunctionSignature
FN:119,mapTypeToSchema
FN:147,generateDescription
FNF:7
FNH:0
FNDA:0,(anonymous_1)
FNDA:0,(anonymous_2)
FNDA:0,(anonymous_3)
FNDA:0,(anonymous_4)
FNDA:0,parseFunctionSignature
FNDA:0,mapTypeToSchema
FNDA:0,generateDescription
DA:2,0
DA:5,0
DA:6,0
DA:7,0
DA:10,0
DA:12,0
DA:15,0
DA:17,0
DA:18,0
DA:19,0
DA:22,0
DA:34,0
DA:46,0
DA:47,0
DA:49,0
DA:55,0
DA:58,0
DA:60,0
DA:61,0
DA:65,0
DA:67,0
DA:68,0
DA:75,0
DA:76,0
DA:78,0
DA:79,0
DA:81,0
DA:82,0
DA:83,0
DA:86,0
DA:87,0
DA:88,0
DA:91,0
DA:92,0
DA:95,0
DA:96,0
DA:99,0
DA:100,0
DA:106,0
DA:111,0
DA:112,0
DA:120,0
DA:122,0
DA:124,0
DA:126,0
DA:128,0
DA:130,0
DA:133,0
DA:135,0
DA:138,0
DA:140,0
DA:147,0
DA:148,0
DA:149,0
DA:151,0
DA:152,0
LF:56
LH:0
BRDA:17,0,0,0
BRDA:17,1,0,0
BRDA:17,1,1,0
BRDA:19,2,0,0
BRDA:19,2,1,0
BRDA:25,3,0,0
BRDA:25,3,1,0
BRDA:26,4,0,0
BRDA:26,4,1,0
BRDA:37,5,0,0
BRDA:37,5,1,0
BRDA:60,6,0,0
BRDA:60,7,0,0
BRDA:60,7,1,0
BRDA:60,7,2,0
BRDA:82,8,0,0
BRDA:86,9,0,0
BRDA:92,10,0,0
BRDA:92,10,1,0
BRDA:120,11,0,0
BRDA:120,11,1,0
BRDA:120,11,2,0
BRDA:120,11,3,0
BRDA:120,11,4,0
BRDA:120,11,5,0
BRDA:120,11,6,0
BRDA:120,11,7,0
BRDA:120,11,8,0
BRDA:120,11,9,0
BRDA:120,11,10,0
BRF:30
BRH:0
end_of_record
TN:
SF:src/store/toolStore.ts
FN:58,(anonymous_1)
FN:65,(anonymous_2)
FN:94,(anonymous_3)
FN:99,(anonymous_4)
FN:104,(anonymous_5)
FN:113,(anonymous_6)
FN:128,(anonymous_7)
FN:137,(anonymous_8)
FN:152,(anonymous_9)
FN:158,(anonymous_10)
FN:170,(anonymous_11)
FN:177,(anonymous_12)
FN:178,(anonymous_13)
FNF:13
FNH:9
FNDA:1,(anonymous_1)
FNDA:2,(anonymous_2)
FNDA:1,(anonymous_3)
FNDA:0,(anonymous_4)
FNDA:1,(anonymous_5)
FNDA:1,(anonymous_6)
FNDA:1,(anonymous_7)
FNDA:1,(anonymous_8)
FNDA:1,(anonymous_9)
FNDA:1,(anonymous_10)
FNDA:0,(anonymous_11)
FNDA:0,(anonymous_12)
FNDA:0,(anonymous_13)
DA:1,1
DA:2,1
DA:42,1
DA:58,1
DA:66,2
DA:67,2
DA:68,2
DA:69,1
DA:76,1
DA:77,1
DA:78,1
DA:79,1
DA:80,0
DA:81,0
DA:83,0
DA:85,1
DA:95,1
DA:100,0
DA:105,1
DA:107,1
DA:113,1
DA:120,1
DA:122,0
DA:123,0
DA:129,1
DA:131,1
DA:137,1
DA:138,1
DA:146,0
DA:147,0
DA:153,1
DA:155,1
DA:158,1
DA:159,1
DA:160,1
DA:161,1
DA:164,0
DA:165,0
DA:171,0
DA:172,0
DA:173,0
DA:175,0
DA:177,0
DA:179,0
DA:180,0
LF:45
LH:28
BRDA:78,0,0,1
BRDA:78,0,1,0
BRDA:80,1,0,0
BRDA:80,1,1,0
BRF:4
BRH:1
end_of_record
